Log file open, 05/06/22 14:20:47
LogWindows: Failed to load 'aqProf.dll' (GetLastError=126)
LogWindows: File 'aqProf.dll' does not exist
LogWindows: Failed to load 'VtuneApi.dll' (GetLastError=126)
LogWindows: File 'VtuneApi.dll' does not exist
LogWindows: Failed to load 'VtuneApi32e.dll' (GetLastError=126)
LogWindows: File 'VtuneApi32e.dll' does not exist
LogConsoleResponse: Display: Failed to find resolution value strings in scalability ini. Falling back to default.
LogConsoleResponse: Display: Failed to find resolution value strings in scalability ini. Falling back to default.
LogInit: Display: Running engine for game: UnrealEksamen
LogPlatformFile: Not using cached read wrapper
LogTaskGraph: Started task graph with 5 named threads and 23 total threads with 3 sets of task threads.
LogStats: Stats thread started at 0.312107
LogICUInternationalization: ICU TimeZone Detection - Raw Offset: +1:00, Platform Override: ''
LogInit: Display: Loading text-based GConfig....
LogPluginManager: Mounting plugin MeshPainting
LogPluginManager: Mounting plugin XGEController
LogPluginManager: Mounting plugin Paper2D
LogPluginManager: Mounting plugin AISupport
LogPluginManager: Mounting plugin EnvironmentQueryEditor
LogPluginManager: Mounting plugin LightPropagationVolume
LogPluginManager: Mounting plugin LiveLink
LogPluginManager: Mounting plugin GameplayCameras
LogPluginManager: Mounting plugin CameraShakePreviewer
LogPluginManager: Mounting plugin OodleData
LogPluginManager: Mounting plugin OodleNetwork
LogPluginManager: Mounting plugin AssetManagerEditor
LogPluginManager: Mounting plugin CryptoKeys
LogPluginManager: Mounting plugin DataValidation
LogPluginManager: Mounting plugin CurveEditorTools
LogPluginManager: Mounting plugin GameplayTagsEditor
LogPluginManager: Mounting plugin GeometryMode
LogPluginManager: Mounting plugin FacialAnimation
LogPluginManager: Mounting plugin MacGraphicsSwitching
LogPluginManager: Mounting plugin MaterialAnalyzer
LogPluginManager: Mounting plugin PluginBrowser
LogPluginManager: Mounting plugin MobileLauncherProfileWizard
LogPluginManager: Mounting plugin SpeedTreeImporter
LogPluginManager: Mounting plugin AnimationSharing
LogPluginManager: Mounting plugin CodeLiteSourceCodeAccess
LogPluginManager: Mounting plugin CLionSourceCodeAccess
LogPluginManager: Mounting plugin GitSourceControl
LogPluginManager: Mounting plugin KDevelopSourceCodeAccess
LogPluginManager: Mounting plugin NullSourceCodeAccess
LogPluginManager: Mounting plugin PixWinPlugin
LogPluginManager: Mounting plugin PerforceSourceControl
LogPluginManager: Mounting plugin PluginUtils
LogPluginManager: Mounting plugin PlasticSourceControl
LogPluginManager: Mounting plugin PropertyAccessNode
LogPluginManager: Mounting plugin RiderSourceCodeAccess
LogPluginManager: Mounting plugin TextureFormatOodle
LogPluginManager: Mounting plugin SubversionSourceControl
LogPluginManager: Mounting plugin UObjectPlugin
LogPluginManager: Mounting plugin VisualStudioCodeSourceCodeAccess
LogPluginManager: Mounting plugin VisualStudioSourceCodeAccess
LogPluginManager: Mounting plugin XCodeSourceCodeAccess
LogPluginManager: Mounting plugin DatasmithContent
LogPluginManager: Mounting plugin VariantManagerContent
LogPluginManager: Mounting plugin Niagara
LogPluginManager: Mounting plugin AlembicImporter
LogPluginManager: Mounting plugin AutomationUtils
LogPluginManager: Mounting plugin BackChannel
LogPluginManager: Mounting plugin ChaosCloth
LogPluginManager: Mounting plugin ChaosClothEditor
LogPluginManager: Mounting plugin ChaosEditor
LogPluginManager: Mounting plugin ChaosNiagara
LogPluginManager: Mounting plugin ChaosSolverPlugin
LogPluginManager: Mounting plugin CharacterAI
LogPluginManager: Mounting plugin GeometryCache
LogPluginManager: Mounting plugin LuminPlatformFeatures
LogPluginManager: Mounting plugin GeometryCollectionPlugin
LogPluginManager: Mounting plugin MagicLeap
LogPluginManager: Mounting plugin MagicLeapLightEstimation
LogPluginManager: Mounting plugin MagicLeapMedia
LogPluginManager: Mounting plugin MagicLeapPassableWorld
LogPluginManager: Mounting plugin MLSDK
LogPluginManager: Mounting plugin GeometryProcessing
LogPluginManager: Mounting plugin OpenImageDenoise
LogPluginManager: Mounting plugin MotoSynth
LogPluginManager: Mounting plugin PlanarCut
LogPluginManager: Mounting plugin PythonScriptPlugin
LogPluginManager: Mounting plugin PlatformCrypto
LogPluginManager: Mounting plugin RawInput
LogPluginManager: Mounting plugin ProxyLODPlugin
LogPluginManager: Mounting plugin SkeletalReduction
LogPluginManager: Mounting plugin AndroidMedia
LogPluginManager: Mounting plugin AvfMedia
LogPluginManager: Mounting plugin ImgMedia
LogPluginManager: Mounting plugin MediaCompositing
LogPluginManager: Mounting plugin MediaPlayerEditor
LogPluginManager: Mounting plugin TcpMessaging
LogPluginManager: Mounting plugin UdpMessaging
LogPluginManager: Mounting plugin WebMMedia
LogPluginManager: Mounting plugin WmfMedia
LogPluginManager: Mounting plugin ActorSequence
LogPluginManager: Mounting plugin LevelSequenceEditor
LogPluginManager: Mounting plugin MatineeToLevelSequence
LogPluginManager: Mounting plugin TemplateSequence
LogPluginManager: Mounting plugin OnlineSubsystem
LogPluginManager: Mounting plugin OnlineSubsystemNull
LogPluginManager: Mounting plugin OnlineSubsystemUtils
LogPluginManager: Mounting plugin LauncherChunkInstaller
LogPluginManager: Mounting plugin ActorLayerUtilities
LogPluginManager: Mounting plugin AndroidMoviePlayer
LogPluginManager: Mounting plugin AndroidDeviceProfileSelector
LogPluginManager: Mounting plugin AndroidPermission
LogPluginManager: Mounting plugin AppleImageUtils
LogPluginManager: Mounting plugin AppleMoviePlayer
LogPluginManager: Mounting plugin ArchVisCharacter
LogPluginManager: Mounting plugin AssetTags
LogPluginManager: Mounting plugin AudioCapture
LogPluginManager: Mounting plugin AudioSynesthesia
LogPluginManager: Mounting plugin CableComponent
LogPluginManager: Mounting plugin ChunkDownloader
LogPluginManager: Mounting plugin CustomMeshComponent
LogPluginManager: Mounting plugin ScreenshotTools
LogPluginManager: Mounting plugin ExampleDeviceProfileSelector
LogPluginManager: Mounting plugin EditableMesh
LogPluginManager: Mounting plugin GoogleCloudMessaging
LogPluginManager: Mounting plugin GooglePAD
LogPluginManager: Mounting plugin IOSDeviceProfileSelector
LogPluginManager: Mounting plugin LinuxDeviceProfileSelector
LogPluginManager: Mounting plugin LocationServicesBPLibrary
LogPluginManager: Mounting plugin Takes
LogPluginManager: Mounting plugin MobilePatchingUtils
LogPluginManager: Mounting plugin OpenXR
LogPluginManager: Mounting plugin OpenXREyeTracker
LogPluginManager: Mounting plugin OpenXRHandTracking
LogPluginManager: Mounting plugin PhysXVehicles
LogPluginManager: Mounting plugin PostSplashScreen
LogPluginManager: Mounting plugin ProceduralMeshComponent
LogPluginManager: Mounting plugin PropertyAccessEditor
LogPluginManager: Mounting plugin RuntimePhysXCooking
LogPluginManager: Mounting plugin SoundFields
LogPluginManager: Mounting plugin SignificanceManager
LogPluginManager: Mounting plugin Synthesis
LogPluginManager: Mounting plugin WebMMoviePlayer
LogPluginManager: Mounting plugin WindowsMoviePlayer
LogPluginManager: Mounting plugin ContentBrowserAssetDataSource
LogPluginManager: Mounting plugin ContentBrowserClassDataSource
LogPluginManager: Mounting plugin ContentBrowserFileDataSource
LogPluginManager: Mounting plugin OnlineSubsystemGooglePlay
LogPluginManager: Mounting plugin OnlineSubsystemIOS
LogPluginManager: Mounting plugin OculusVR
LogPluginManager: Mounting plugin SteamVR
PixWinPlugin: PIX capture plugin failed to initialize! Check that the process is launched from PIX.
LogInit: Using libcurl 7.55.1-DEV
LogInit:  - built for x86_64-pc-win32
LogInit:  - supports SSL with OpenSSL/1.1.1
LogInit:  - supports HTTP deflate (compression) using libz 1.2.8
LogInit:  - other features:
LogInit:      CURL_VERSION_SSL
LogInit:      CURL_VERSION_LIBZ
LogInit:      CURL_VERSION_IPV6
LogInit:      CURL_VERSION_ASYNCHDNS
LogInit:      CURL_VERSION_LARGEFILE
LogInit:      CURL_VERSION_IDN
LogInit:  CurlRequestOptions (configurable via config and command line):
LogInit:  - bVerifyPeer = true  - Libcurl will verify peer certificate
LogInit:  - bUseHttpProxy = false  - Libcurl will NOT use HTTP proxy
LogInit:  - bDontReuseConnections = false  - Libcurl will reuse connections
LogInit:  - MaxHostConnections = 16  - Libcurl will limit the number of connections to a host
LogInit:  - LocalHostAddr = Default
LogInit:  - BufferSize = 65536
LogOnline: OSS: Creating online subsystem instance for: NULL
LogInit: WinSock: version 1.1 (2.2), MaxSocks=32767, MaxUdp=65467
LogOnline: OSS: TryLoadSubsystemAndSetDefault: Loaded subsystem for module [NULL]
LogOculusPluginWrapper: OculusPlugin initialized successfully
LogHMD: Failed initializing OVRPlugin 1.59.0
LogInit: Build: ++UE4+Release-4.27-CL-18319896
LogInit: Engine Version: 4.27.2-18319896+++UE4+Release-4.27
LogInit: Compatible Engine Version: 4.27.0-17155196+++UE4+Release-4.27
LogInit: Net CL: 17155196
LogInit: OS: Windows 10 (Release 2009) (), CPU: Intel(R) Core(TM) i5-8250U CPU @ 1.60GHz, GPU: Intel(R) UHD Graphics 620
LogInit: Compiled (64-bit): Nov 30 2021 07:12:08
LogInit: Compiled with Visual C++: 19.24.28315.00
LogInit: Build Configuration: Development
LogInit: Branch Name: ++UE4+Release-4.27
LogInit: Command Line: 
LogInit: Base Directory: C:/Program Files/Epic Games/UE_4.27/Engine/Binaries/Win64/
LogInit: Allocator: TBB
LogInit: Installed Engine Build: 1
LogDevObjectVersion: Number of dev versions registered: 29
LogDevObjectVersion:   Dev-Blueprints (B0D832E4-1F89-4F0D-ACCF-7EB736FD4AA2): 10
LogDevObjectVersion:   Dev-Build (E1C64328-A22C-4D53-A36C-8E866417BD8C): 0
LogDevObjectVersion:   Dev-Core (375EC13C-06E4-48FB-B500-84F0262A717E): 4
LogDevObjectVersion:   Dev-Editor (E4B068ED-F494-42E9-A231-DA0B2E46BB41): 40
LogDevObjectVersion:   Dev-Framework (CFFC743F-43B0-4480-9391-14DF171D2073): 37
LogDevObjectVersion:   Dev-Mobile (B02B49B5-BB20-44E9-A304-32B752E40360): 3
LogDevObjectVersion:   Dev-Networking (A4E4105C-59A1-49B5-A7C5-40C4547EDFEE): 0
LogDevObjectVersion:   Dev-Online (39C831C9-5AE6-47DC-9A44-9C173E1C8E7C): 0
LogDevObjectVersion:   Dev-Physics (78F01B33-EBEA-4F98-B9B4-84EACCB95AA2): 14
LogDevObjectVersion:   Dev-Platform (6631380F-2D4D-43E0-8009-CF276956A95A): 0
LogDevObjectVersion:   Dev-Rendering (12F88B9F-8875-4AFC-A67C-D90C383ABD29): 45
LogDevObjectVersion:   Dev-Sequencer (7B5AE74C-D270-4C10-A958-57980B212A5A): 13
LogDevObjectVersion:   Dev-VR (D7296918-1DD6-4BDD-9DE2-64A83CC13884): 3
LogDevObjectVersion:   Dev-LoadTimes (C2A15278-BFE7-4AFE-6C17-90FF531DF755): 1
LogDevObjectVersion:   Private-Geometry (6EACA3D4-40EC-4CC1-B786-8BED09428FC5): 3
LogDevObjectVersion:   Dev-AnimPhys (29E575DD-E0A3-4627-9D10-D276232CDCEA): 17
LogDevObjectVersion:   Dev-Anim (AF43A65D-7FD3-4947-9873-3E8ED9C1BB05): 15
LogDevObjectVersion:   Dev-ReflectionCapture (6B266CEC-1EC7-4B8F-A30B-E4D90942FC07): 1
LogDevObjectVersion:   Dev-Automation (0DF73D61-A23F-47EA-B727-89E90C41499A): 1
LogDevObjectVersion:   FortniteMain (601D1886-AC64-4F84-AA16-D3DE0DEAC7D6): 47
LogDevObjectVersion:   FortniteRelease (E7086368-6B23-4C58-8439-1B7016265E91): 1
LogDevObjectVersion:   Dev-Enterprise (9DFFBCD6-494F-0158-E221-12823C92A888): 10
LogDevObjectVersion:   Dev-Niagara (F2AED0AC-9AFE-416F-8664-AA7FFA26D6FC): 1
LogDevObjectVersion:   Dev-Destruction (174F1F0B-B4C6-45A5-B13F-2EE8D0FB917D): 10
LogDevObjectVersion:   Dev-Physics-Ext (35F94A83-E258-406C-A318-09F59610247C): 41
LogDevObjectVersion:   Dev-PhysicsMaterial-Chaos (B68FC16E-8B1B-42E2-B453-215C058844FE): 1
LogDevObjectVersion:   Dev-CineCamera (B2E18506-4273-CFC2-A54E-F4BB758BBA07): 1
LogDevObjectVersion:   Dev-VirtualProduction (64F58936-FD1B-42BA-BA96-7289D5D0FA4E): 1
LogDevObjectVersion:   Dev-MediaFramework (6F0ED827-A609-4895-9C91-998D90180EA4): 2
LogInit: Presizing for max 25165824 objects, including 0 objects not considered by GC, pre-allocating 0 bytes for permanent pool.
LogConfig: Applying CVar settings from Section [/Script/Engine.StreamingSettings] File [C:/Users/Fredrik/source/repos/Space Shooter/UnrealEksamen/UnrealEksamen/Saved/Config/Windows/Engine.ini]
LogConfig: Setting CVar [[s.MinBulkDataSizeForAsyncLoading:131072]]
LogConfig: Setting CVar [[s.AsyncLoadingThreadEnabled:0]]
LogConfig: Setting CVar [[s.EventDrivenLoaderEnabled:1]]
LogConfig: Setting CVar [[s.WarnIfTimeLimitExceeded:0]]
LogConfig: Setting CVar [[s.TimeLimitExceededMultiplier:1.5]]
LogConfig: Setting CVar [[s.TimeLimitExceededMinTime:0.005]]
LogConfig: Setting CVar [[s.UseBackgroundLevelStreaming:1]]
LogConfig: Setting CVar [[s.PriorityAsyncLoadingExtraTime:15.0]]
LogConfig: Setting CVar [[s.LevelStreamingActorsUpdateTimeLimit:5.0]]
LogConfig: Setting CVar [[s.PriorityLevelStreamingActorsUpdateExtraTime:5.0]]
LogConfig: Setting CVar [[s.LevelStreamingComponentsRegistrationGranularity:10]]
LogConfig: Setting CVar [[s.UnregisterComponentsTimeLimit:1.0]]
LogConfig: Setting CVar [[s.LevelStreamingComponentsUnregistrationGranularity:5]]
LogConfig: Setting CVar [[s.FlushStreamingOnExit:1]]
LogInit: Object subsystem initialized
LogConfig: Setting CVar [[con.DebugEarlyDefault:1]]
LogConfig: Setting CVar [[r.setres:1280x720]]
[2022.05.06-12.20.48:178][  0]LogConfig: Setting CVar [[r.VSync:0]]
[2022.05.06-12.20.48:178][  0]LogConfig: Setting CVar [[r.RHICmdBypass:0]]
[2022.05.06-12.20.48:178][  0]LogConfig: Applying CVar settings from Section [/Script/Engine.RendererSettings] File [C:/Users/Fredrik/source/repos/Space Shooter/UnrealEksamen/UnrealEksamen/Saved/Config/Windows/Engine.ini]
[2022.05.06-12.20.48:178][  0]LogConfig: Setting CVar [[r.GPUCrashDebugging:0]]
[2022.05.06-12.20.48:178][  0]LogConfig: Setting CVar [[r.DefaultFeature.MotionBlur:0]]
[2022.05.06-12.20.48:178][  0]LogConfig: Applying CVar settings from Section [/Script/Engine.RendererOverrideSettings] File [C:/Users/Fredrik/source/repos/Space Shooter/UnrealEksamen/UnrealEksamen/Saved/Config/Windows/Engine.ini]
[2022.05.06-12.20.48:178][  0]LogConfig: Applying CVar settings from Section [/Script/Engine.StreamingSettings] File [C:/Users/Fredrik/source/repos/Space Shooter/UnrealEksamen/UnrealEksamen/Saved/Config/Windows/Engine.ini]
[2022.05.06-12.20.48:178][  0]LogConfig: Setting CVar [[s.MinBulkDataSizeForAsyncLoading:131072]]
[2022.05.06-12.20.48:178][  0]LogConfig: Setting CVar [[s.AsyncLoadingThreadEnabled:0]]
[2022.05.06-12.20.48:178][  0]LogConfig: Setting CVar [[s.EventDrivenLoaderEnabled:1]]
[2022.05.06-12.20.48:178][  0]LogConfig: Setting CVar [[s.WarnIfTimeLimitExceeded:0]]
[2022.05.06-12.20.48:178][  0]LogConfig: Setting CVar [[s.TimeLimitExceededMultiplier:1.5]]
[2022.05.06-12.20.48:178][  0]LogConfig: Setting CVar [[s.TimeLimitExceededMinTime:0.005]]
[2022.05.06-12.20.48:178][  0]LogConfig: Setting CVar [[s.UseBackgroundLevelStreaming:1]]
[2022.05.06-12.20.48:178][  0]LogConfig: Setting CVar [[s.PriorityAsyncLoadingExtraTime:15.0]]
[2022.05.06-12.20.48:178][  0]LogConfig: Setting CVar [[s.LevelStreamingActorsUpdateTimeLimit:5.0]]
[2022.05.06-12.20.48:179][  0]LogConfig: Setting CVar [[s.PriorityLevelStreamingActorsUpdateExtraTime:5.0]]
[2022.05.06-12.20.48:179][  0]LogConfig: Setting CVar [[s.LevelStreamingComponentsRegistrationGranularity:10]]
[2022.05.06-12.20.48:179][  0]LogConfig: Setting CVar [[s.UnregisterComponentsTimeLimit:1.0]]
[2022.05.06-12.20.48:179][  0]LogConfig: Setting CVar [[s.LevelStreamingComponentsUnregistrationGranularity:5]]
[2022.05.06-12.20.48:179][  0]LogConfig: Setting CVar [[s.FlushStreamingOnExit:1]]
[2022.05.06-12.20.48:179][  0]LogConfig: Applying CVar settings from Section [/Script/Engine.GarbageCollectionSettings] File [C:/Users/Fredrik/source/repos/Space Shooter/UnrealEksamen/UnrealEksamen/Saved/Config/Windows/Engine.ini]
[2022.05.06-12.20.48:179][  0]LogConfig: Setting CVar [[gc.MaxObjectsNotConsideredByGC:1]]
[2022.05.06-12.20.48:179][  0]LogConfig: Setting CVar [[gc.SizeOfPermanentObjectPool:0]]
[2022.05.06-12.20.48:179][  0]LogConfig: Setting CVar [[gc.FlushStreamingOnGC:0]]
[2022.05.06-12.20.48:179][  0]LogConfig: Setting CVar [[gc.NumRetriesBeforeForcingGC:10]]
[2022.05.06-12.20.48:179][  0]LogConfig: Setting CVar [[gc.AllowParallelGC:1]]
[2022.05.06-12.20.48:179][  0]LogConfig: Setting CVar [[gc.TimeBetweenPurgingPendingKillObjects:61.1]]
[2022.05.06-12.20.48:179][  0]LogConfig: Setting CVar [[gc.MaxObjectsInEditor:25165824]]
[2022.05.06-12.20.48:179][  0]LogConfig: Setting CVar [[gc.IncrementalBeginDestroyEnabled:1]]
[2022.05.06-12.20.48:179][  0]LogConfig: Setting CVar [[gc.CreateGCClusters:1]]
[2022.05.06-12.20.48:179][  0]LogConfig: Setting CVar [[gc.MinGCClusterSize:5]]
[2022.05.06-12.20.48:179][  0]LogConfig: Setting CVar [[gc.ActorClusteringEnabled:0]]
[2022.05.06-12.20.48:179][  0]LogConfig: Setting CVar [[gc.BlueprintClusteringEnabled:0]]
[2022.05.06-12.20.48:179][  0]LogConfig: Setting CVar [[gc.UseDisregardForGCOnDedicatedServers:0]]
[2022.05.06-12.20.48:179][  0]LogConfig: Setting CVar [[gc.MultithreadedDestructionEnabled:1]]
[2022.05.06-12.20.48:179][  0]LogConfig: Applying CVar settings from Section [/Script/Engine.NetworkSettings] File [C:/Users/Fredrik/source/repos/Space Shooter/UnrealEksamen/UnrealEksamen/Saved/Config/Windows/Engine.ini]
[2022.05.06-12.20.48:179][  0]LogConfig: Applying CVar settings from Section [/Script/UnrealEd.CookerSettings] File [C:/Users/Fredrik/source/repos/Space Shooter/UnrealEksamen/UnrealEksamen/Saved/Config/Windows/Engine.ini]
[2022.05.06-12.20.48:186][  0]LogConfig: Applying CVar settings from Section [ViewDistanceQuality@3] File [C:/Users/Fredrik/source/repos/Space Shooter/UnrealEksamen/UnrealEksamen/Saved/Config/Windows/Scalability.ini]
[2022.05.06-12.20.48:186][  0]LogConfig: Setting CVar [[r.SkeletalMeshLODBias:0]]
[2022.05.06-12.20.48:186][  0]LogConfig: Setting CVar [[r.ViewDistanceScale:1.0]]
[2022.05.06-12.20.48:186][  0]LogConfig: Applying CVar settings from Section [AntiAliasingQuality@3] File [C:/Users/Fredrik/source/repos/Space Shooter/UnrealEksamen/UnrealEksamen/Saved/Config/Windows/Scalability.ini]
[2022.05.06-12.20.48:186][  0]LogConfig: Setting CVar [[r.PostProcessAAQuality:4]]
[2022.05.06-12.20.48:186][  0]LogConfig: Applying CVar settings from Section [ShadowQuality@3] File [C:/Users/Fredrik/source/repos/Space Shooter/UnrealEksamen/UnrealEksamen/Saved/Config/Windows/Scalability.ini]
[2022.05.06-12.20.48:186][  0]LogConfig: Setting CVar [[r.LightFunctionQuality:1]]
[2022.05.06-12.20.48:186][  0]LogConfig: Setting CVar [[r.ShadowQuality:5]]
[2022.05.06-12.20.48:186][  0]LogConfig: Setting CVar [[r.Shadow.CSM.MaxCascades:10]]
[2022.05.06-12.20.48:186][  0]LogConfig: Setting CVar [[r.Shadow.MaxResolution:2048]]
[2022.05.06-12.20.48:186][  0]LogConfig: Setting CVar [[r.Shadow.MaxCSMResolution:2048]]
[2022.05.06-12.20.48:186][  0]LogConfig: Setting CVar [[r.Shadow.RadiusThreshold:0.01]]
[2022.05.06-12.20.48:186][  0]LogConfig: Setting CVar [[r.Shadow.DistanceScale:1.0]]
[2022.05.06-12.20.48:186][  0]LogConfig: Setting CVar [[r.Shadow.CSM.TransitionScale:1.0]]
[2022.05.06-12.20.48:186][  0]LogConfig: Setting CVar [[r.Shadow.PreShadowResolutionFactor:1.0]]
[2022.05.06-12.20.48:186][  0]LogConfig: Setting CVar [[r.DistanceFieldShadowing:1]]
[2022.05.06-12.20.48:187][  0]LogConfig: Setting CVar [[r.DistanceFieldAO:1]]
[2022.05.06-12.20.48:187][  0]LogConfig: Setting CVar [[r.AOQuality:2]]
[2022.05.06-12.20.48:187][  0]LogConfig: Setting CVar [[r.VolumetricFog:1]]
[2022.05.06-12.20.48:187][  0]LogConfig: Setting CVar [[r.VolumetricFog.GridPixelSize:8]]
[2022.05.06-12.20.48:187][  0]LogConfig: Setting CVar [[r.VolumetricFog.GridSizeZ:128]]
[2022.05.06-12.20.48:187][  0]LogConfig: Setting CVar [[r.VolumetricFog.HistoryMissSupersampleCount:4]]
[2022.05.06-12.20.48:187][  0]LogConfig: Setting CVar [[r.LightMaxDrawDistanceScale:1]]
[2022.05.06-12.20.48:187][  0]LogConfig: Setting CVar [[r.CapsuleShadows:1]]
[2022.05.06-12.20.48:187][  0]LogConfig: Applying CVar settings from Section [PostProcessQuality@3] File [C:/Users/Fredrik/source/repos/Space Shooter/UnrealEksamen/UnrealEksamen/Saved/Config/Windows/Scalability.ini]
[2022.05.06-12.20.48:187][  0]LogConfig: Setting CVar [[r.MotionBlurQuality:4]]
[2022.05.06-12.20.48:187][  0]LogConfig: Setting CVar [[r.AmbientOcclusionMipLevelFactor:0.4]]
[2022.05.06-12.20.48:187][  0]LogConfig: Setting CVar [[r.AmbientOcclusionMaxQuality:100]]
[2022.05.06-12.20.48:187][  0]LogConfig: Setting CVar [[r.AmbientOcclusionLevels:-1]]
[2022.05.06-12.20.48:187][  0]LogConfig: Setting CVar [[r.AmbientOcclusionRadiusScale:1.0]]
[2022.05.06-12.20.48:187][  0]LogConfig: Setting CVar [[r.DepthOfFieldQuality:2]]
[2022.05.06-12.20.48:187][  0]LogConfig: Setting CVar [[r.RenderTargetPoolMin:400]]
[2022.05.06-12.20.48:187][  0]LogConfig: Setting CVar [[r.LensFlareQuality:2]]
[2022.05.06-12.20.48:187][  0]LogConfig: Setting CVar [[r.SceneColorFringeQuality:1]]
[2022.05.06-12.20.48:187][  0]LogConfig: Setting CVar [[r.EyeAdaptationQuality:2]]
[2022.05.06-12.20.48:187][  0]LogConfig: Setting CVar [[r.BloomQuality:5]]
[2022.05.06-12.20.48:187][  0]LogConfig: Setting CVar [[r.FastBlurThreshold:100]]
[2022.05.06-12.20.48:187][  0]LogConfig: Setting CVar [[r.Upscale.Quality:3]]
[2022.05.06-12.20.48:187][  0]LogConfig: Setting CVar [[r.Tonemapper.GrainQuantization:1]]
[2022.05.06-12.20.48:187][  0]LogConfig: Setting CVar [[r.LightShaftQuality:1]]
[2022.05.06-12.20.48:187][  0]LogConfig: Setting CVar [[r.Filter.SizeScale:1]]
[2022.05.06-12.20.48:187][  0]LogConfig: Setting CVar [[r.Tonemapper.Quality:5]]
[2022.05.06-12.20.48:187][  0]LogConfig: Setting CVar [[r.DOF.Gather.AccumulatorQuality:1        ; higher gathering accumulator quality]]
[2022.05.06-12.20.48:187][  0]LogConfig: Setting CVar [[r.DOF.Gather.PostfilterMethod:1          ; Median3x3 postfilering method]]
[2022.05.06-12.20.48:187][  0]LogConfig: Setting CVar [[r.DOF.Gather.EnableBokehSettings:0       ; no bokeh simulation when gathering]]
[2022.05.06-12.20.48:187][  0]LogConfig: Setting CVar [[r.DOF.Gather.RingCount:4                 ; medium number of samples when gathering]]
[2022.05.06-12.20.48:187][  0]LogConfig: Setting CVar [[r.DOF.Scatter.ForegroundCompositing:1    ; additive foreground scattering]]
[2022.05.06-12.20.48:187][  0]LogConfig: Setting CVar [[r.DOF.Scatter.BackgroundCompositing:2    ; additive background scattering]]
[2022.05.06-12.20.48:187][  0]LogConfig: Setting CVar [[r.DOF.Scatter.EnableBokehSettings:1      ; bokeh simulation when scattering]]
[2022.05.06-12.20.48:187][  0]LogConfig: Setting CVar [[r.DOF.Scatter.MaxSpriteRatio:0.1         ; only a maximum of 10% of scattered bokeh]]
[2022.05.06-12.20.48:187][  0]LogConfig: Setting CVar [[r.DOF.Recombine.Quality:1                ; cheap slight out of focus]]
[2022.05.06-12.20.48:187][  0]LogConfig: Setting CVar [[r.DOF.Recombine.EnableBokehSettings:0    ; no bokeh simulation on slight out of focus]]
[2022.05.06-12.20.48:187][  0]LogConfig: Setting CVar [[r.DOF.TemporalAAQuality:1                ; more stable temporal accumulation]]
[2022.05.06-12.20.48:187][  0]LogConfig: Setting CVar [[r.DOF.Kernel.MaxForegroundRadius:0.025]]
[2022.05.06-12.20.48:187][  0]LogConfig: Setting CVar [[r.DOF.Kernel.MaxBackgroundRadius:0.025]]
[2022.05.06-12.20.48:187][  0]LogConfig: Applying CVar settings from Section [TextureQuality@3] File [C:/Users/Fredrik/source/repos/Space Shooter/UnrealEksamen/UnrealEksamen/Saved/Config/Windows/Scalability.ini]
[2022.05.06-12.20.48:187][  0]LogConfig: Setting CVar [[r.Streaming.MipBias:0]]
[2022.05.06-12.20.48:187][  0]LogConfig: Setting CVar [[r.Streaming.AmortizeCPUToGPUCopy:0]]
[2022.05.06-12.20.48:187][  0]LogConfig: Setting CVar [[r.Streaming.MaxNumTexturesToStreamPerFrame:0]]
[2022.05.06-12.20.48:187][  0]LogConfig: Setting CVar [[r.Streaming.Boost:1]]
[2022.05.06-12.20.48:187][  0]LogConfig: Setting CVar [[r.MaxAnisotropy:8]]
[2022.05.06-12.20.48:187][  0]LogConfig: Setting CVar [[r.VT.MaxAnisotropy:8]]
[2022.05.06-12.20.48:187][  0]LogConfig: Setting CVar [[r.Streaming.LimitPoolSizeToVRAM:0]]
[2022.05.06-12.20.48:187][  0]LogConfig: Setting CVar [[r.Streaming.PoolSize:1000]]
[2022.05.06-12.20.48:187][  0]LogConfig: Setting CVar [[r.Streaming.MaxEffectiveScreenSize:0]]
[2022.05.06-12.20.48:187][  0]LogConfig: Applying CVar settings from Section [EffectsQuality@3] File [C:/Users/Fredrik/source/repos/Space Shooter/UnrealEksamen/UnrealEksamen/Saved/Config/Windows/Scalability.ini]
[2022.05.06-12.20.48:188][  0]LogConfig: Setting CVar [[r.TranslucencyLightingVolumeDim:64]]
[2022.05.06-12.20.48:188][  0]LogConfig: Setting CVar [[r.RefractionQuality:2]]
[2022.05.06-12.20.48:188][  0]LogConfig: Setting CVar [[r.SSR.Quality:3]]
[2022.05.06-12.20.48:188][  0]LogConfig: Setting CVar [[r.SSR.HalfResSceneColor:0]]
[2022.05.06-12.20.48:188][  0]LogConfig: Setting CVar [[r.SceneColorFormat:4]]
[2022.05.06-12.20.48:188][  0]LogConfig: Setting CVar [[r.DetailMode:2]]
[2022.05.06-12.20.48:188][  0]LogConfig: Setting CVar [[r.TranslucencyVolumeBlur:1]]
[2022.05.06-12.20.48:188][  0]LogConfig: Setting CVar [[r.MaterialQualityLevel:1 ; High quality]]
[2022.05.06-12.20.48:188][  0]LogConfig: Setting CVar [[r.AnisotropicMaterials:1]]
[2022.05.06-12.20.48:188][  0]LogConfig: Setting CVar [[r.SSS.Scale:1]]
[2022.05.06-12.20.48:188][  0]LogConfig: Setting CVar [[r.SSS.SampleSet:2]]
[2022.05.06-12.20.48:188][  0]LogConfig: Setting CVar [[r.SSS.Quality:1]]
[2022.05.06-12.20.48:188][  0]LogConfig: Setting CVar [[r.SSS.HalfRes:0]]
[2022.05.06-12.20.48:188][  0]LogConfig: Setting CVar [[r.SSGI.Quality:3]]
[2022.05.06-12.20.48:188][  0]LogConfig: Setting CVar [[r.EmitterSpawnRateScale:1.0]]
[2022.05.06-12.20.48:188][  0]LogConfig: Setting CVar [[r.ParticleLightQuality:2]]
[2022.05.06-12.20.48:188][  0]LogConfig: Setting CVar [[r.SkyAtmosphere.AerialPerspectiveLUT.FastApplyOnOpaque:1 ; Always have FastSkyLUT 1 in this case to avoid wrong sky]]
[2022.05.06-12.20.48:188][  0]LogConfig: Setting CVar [[r.SkyAtmosphere.AerialPerspectiveLUT.SampleCountMaxPerSlice:4]]
[2022.05.06-12.20.48:188][  0]LogConfig: Setting CVar [[r.SkyAtmosphere.AerialPerspectiveLUT.DepthResolution:16.0]]
[2022.05.06-12.20.48:188][  0]LogConfig: Setting CVar [[r.SkyAtmosphere.FastSkyLUT:1]]
[2022.05.06-12.20.48:188][  0]LogConfig: Setting CVar [[r.SkyAtmosphere.FastSkyLUT.SampleCountMin:4.0]]
[2022.05.06-12.20.48:188][  0]LogConfig: Setting CVar [[r.SkyAtmosphere.FastSkyLUT.SampleCountMax:128.0]]
[2022.05.06-12.20.48:188][  0]LogConfig: Setting CVar [[r.SkyAtmosphere.SampleCountMin:4.0]]
[2022.05.06-12.20.48:188][  0]LogConfig: Setting CVar [[r.SkyAtmosphere.SampleCountMax:128.0]]
[2022.05.06-12.20.48:188][  0]LogConfig: Setting CVar [[r.SkyAtmosphere.TransmittanceLUT.UseSmallFormat:0]]
[2022.05.06-12.20.48:188][  0]LogConfig: Setting CVar [[r.SkyAtmosphere.TransmittanceLUT.SampleCount:10.0]]
[2022.05.06-12.20.48:188][  0]LogConfig: Setting CVar [[r.SkyAtmosphere.MultiScatteringLUT.SampleCount:15.0]]
[2022.05.06-12.20.48:188][  0]LogConfig: Setting CVar [[r.SkyLight.RealTimeReflectionCapture:1]]
[2022.05.06-12.20.48:188][  0]LogConfig: Applying CVar settings from Section [FoliageQuality@3] File [C:/Users/Fredrik/source/repos/Space Shooter/UnrealEksamen/UnrealEksamen/Saved/Config/Windows/Scalability.ini]
[2022.05.06-12.20.48:188][  0]LogConfig: Setting CVar [[foliage.DensityScale:1.0]]
[2022.05.06-12.20.48:188][  0]LogConfig: Setting CVar [[grass.DensityScale:1.0]]
[2022.05.06-12.20.48:188][  0]LogConfig: Applying CVar settings from Section [ShadingQuality@3] File [C:/Users/Fredrik/source/repos/Space Shooter/UnrealEksamen/UnrealEksamen/Saved/Config/Windows/Scalability.ini]
[2022.05.06-12.20.48:188][  0]LogConfig: Setting CVar [[r.HairStrands.SkyLighting.IntegrationType:2]]
[2022.05.06-12.20.48:188][  0]LogConfig: Setting CVar [[r.HairStrands.SkyAO.SampleCount:4]]
[2022.05.06-12.20.48:188][  0]LogConfig: Setting CVar [[r.HairStrands.Visibility.MSAA.SamplePerPixel:4]]
[2022.05.06-12.20.48:188][  0]LogInit: Selected Device Profile: [Windows]
[2022.05.06-12.20.48:188][  0]LogInit: Applying CVar settings loaded from the selected device profile: [Windows]
[2022.05.06-12.20.48:188][  0]LogHAL: Display: Platform has ~ 8 GB [8467107840 / 8589934592 / 8], which maps to Default [LargestMinGB=32, LargerMinGB=12, DefaultMinGB=8, SmallerMinGB=6, SmallestMinGB=0)
[2022.05.06-12.20.48:188][  0]LogInit: Going up to parent DeviceProfile []
[2022.05.06-12.20.48:188][  0]LogConfig: Applying CVar settings from Section [ViewDistanceQuality@3] File [C:/Users/Fredrik/source/repos/Space Shooter/UnrealEksamen/UnrealEksamen/Saved/Config/Windows/Scalability.ini]
[2022.05.06-12.20.48:188][  0]LogConfig: Setting CVar [[r.SkeletalMeshLODBias:0]]
[2022.05.06-12.20.48:188][  0]LogConfig: Setting CVar [[r.ViewDistanceScale:1.0]]
[2022.05.06-12.20.48:189][  0]LogConfig: Applying CVar settings from Section [AntiAliasingQuality@3] File [C:/Users/Fredrik/source/repos/Space Shooter/UnrealEksamen/UnrealEksamen/Saved/Config/Windows/Scalability.ini]
[2022.05.06-12.20.48:189][  0]LogConfig: Setting CVar [[r.PostProcessAAQuality:4]]
[2022.05.06-12.20.48:189][  0]LogConfig: Applying CVar settings from Section [ShadowQuality@3] File [C:/Users/Fredrik/source/repos/Space Shooter/UnrealEksamen/UnrealEksamen/Saved/Config/Windows/Scalability.ini]
[2022.05.06-12.20.48:189][  0]LogConfig: Setting CVar [[r.LightFunctionQuality:1]]
[2022.05.06-12.20.48:189][  0]LogConfig: Setting CVar [[r.ShadowQuality:5]]
[2022.05.06-12.20.48:189][  0]LogConfig: Setting CVar [[r.Shadow.CSM.MaxCascades:10]]
[2022.05.06-12.20.48:189][  0]LogConfig: Setting CVar [[r.Shadow.MaxResolution:2048]]
[2022.05.06-12.20.48:189][  0]LogConfig: Setting CVar [[r.Shadow.MaxCSMResolution:2048]]
[2022.05.06-12.20.48:189][  0]LogConfig: Setting CVar [[r.Shadow.RadiusThreshold:0.01]]
[2022.05.06-12.20.48:189][  0]LogConfig: Setting CVar [[r.Shadow.DistanceScale:1.0]]
[2022.05.06-12.20.48:189][  0]LogConfig: Setting CVar [[r.Shadow.CSM.TransitionScale:1.0]]
[2022.05.06-12.20.48:189][  0]LogConfig: Setting CVar [[r.Shadow.PreShadowResolutionFactor:1.0]]
[2022.05.06-12.20.48:189][  0]LogConfig: Setting CVar [[r.DistanceFieldShadowing:1]]
[2022.05.06-12.20.48:189][  0]LogConfig: Setting CVar [[r.DistanceFieldAO:1]]
[2022.05.06-12.20.48:189][  0]LogConfig: Setting CVar [[r.AOQuality:2]]
[2022.05.06-12.20.48:189][  0]LogConfig: Setting CVar [[r.VolumetricFog:1]]
[2022.05.06-12.20.48:189][  0]LogConfig: Setting CVar [[r.VolumetricFog.GridPixelSize:8]]
[2022.05.06-12.20.48:189][  0]LogConfig: Setting CVar [[r.VolumetricFog.GridSizeZ:128]]
[2022.05.06-12.20.48:189][  0]LogConfig: Setting CVar [[r.VolumetricFog.HistoryMissSupersampleCount:4]]
[2022.05.06-12.20.48:189][  0]LogConfig: Setting CVar [[r.LightMaxDrawDistanceScale:1]]
[2022.05.06-12.20.48:189][  0]LogConfig: Setting CVar [[r.CapsuleShadows:1]]
[2022.05.06-12.20.48:189][  0]LogConfig: Applying CVar settings from Section [PostProcessQuality@3] File [C:/Users/Fredrik/source/repos/Space Shooter/UnrealEksamen/UnrealEksamen/Saved/Config/Windows/Scalability.ini]
[2022.05.06-12.20.48:189][  0]LogConfig: Setting CVar [[r.MotionBlurQuality:4]]
[2022.05.06-12.20.48:189][  0]LogConfig: Setting CVar [[r.AmbientOcclusionMipLevelFactor:0.4]]
[2022.05.06-12.20.48:189][  0]LogConfig: Setting CVar [[r.AmbientOcclusionMaxQuality:100]]
[2022.05.06-12.20.48:189][  0]LogConfig: Setting CVar [[r.AmbientOcclusionLevels:-1]]
[2022.05.06-12.20.48:189][  0]LogConfig: Setting CVar [[r.AmbientOcclusionRadiusScale:1.0]]
[2022.05.06-12.20.48:189][  0]LogConfig: Setting CVar [[r.DepthOfFieldQuality:2]]
[2022.05.06-12.20.48:189][  0]LogConfig: Setting CVar [[r.RenderTargetPoolMin:400]]
[2022.05.06-12.20.48:189][  0]LogConfig: Setting CVar [[r.LensFlareQuality:2]]
[2022.05.06-12.20.48:189][  0]LogConfig: Setting CVar [[r.SceneColorFringeQuality:1]]
[2022.05.06-12.20.48:189][  0]LogConfig: Setting CVar [[r.EyeAdaptationQuality:2]]
[2022.05.06-12.20.48:189][  0]LogConfig: Setting CVar [[r.BloomQuality:5]]
[2022.05.06-12.20.48:189][  0]LogConfig: Setting CVar [[r.FastBlurThreshold:100]]
[2022.05.06-12.20.48:189][  0]LogConfig: Setting CVar [[r.Upscale.Quality:3]]
[2022.05.06-12.20.48:189][  0]LogConfig: Setting CVar [[r.Tonemapper.GrainQuantization:1]]
[2022.05.06-12.20.48:189][  0]LogConfig: Setting CVar [[r.LightShaftQuality:1]]
[2022.05.06-12.20.48:189][  0]LogConfig: Setting CVar [[r.Filter.SizeScale:1]]
[2022.05.06-12.20.48:189][  0]LogConfig: Setting CVar [[r.Tonemapper.Quality:5]]
[2022.05.06-12.20.48:189][  0]LogConfig: Setting CVar [[r.DOF.Gather.AccumulatorQuality:1        ; higher gathering accumulator quality]]
[2022.05.06-12.20.48:189][  0]LogConfig: Setting CVar [[r.DOF.Gather.PostfilterMethod:1          ; Median3x3 postfilering method]]
[2022.05.06-12.20.48:189][  0]LogConfig: Setting CVar [[r.DOF.Gather.EnableBokehSettings:0       ; no bokeh simulation when gathering]]
[2022.05.06-12.20.48:189][  0]LogConfig: Setting CVar [[r.DOF.Gather.RingCount:4                 ; medium number of samples when gathering]]
[2022.05.06-12.20.48:189][  0]LogConfig: Setting CVar [[r.DOF.Scatter.ForegroundCompositing:1    ; additive foreground scattering]]
[2022.05.06-12.20.48:189][  0]LogConfig: Setting CVar [[r.DOF.Scatter.BackgroundCompositing:2    ; additive background scattering]]
[2022.05.06-12.20.48:189][  0]LogConfig: Setting CVar [[r.DOF.Scatter.EnableBokehSettings:1      ; bokeh simulation when scattering]]
[2022.05.06-12.20.48:189][  0]LogConfig: Setting CVar [[r.DOF.Scatter.MaxSpriteRatio:0.1         ; only a maximum of 10% of scattered bokeh]]
[2022.05.06-12.20.48:189][  0]LogConfig: Setting CVar [[r.DOF.Recombine.Quality:1                ; cheap slight out of focus]]
[2022.05.06-12.20.48:189][  0]LogConfig: Setting CVar [[r.DOF.Recombine.EnableBokehSettings:0    ; no bokeh simulation on slight out of focus]]
[2022.05.06-12.20.48:189][  0]LogConfig: Setting CVar [[r.DOF.TemporalAAQuality:1                ; more stable temporal accumulation]]
[2022.05.06-12.20.48:189][  0]LogConfig: Setting CVar [[r.DOF.Kernel.MaxForegroundRadius:0.025]]
[2022.05.06-12.20.48:189][  0]LogConfig: Setting CVar [[r.DOF.Kernel.MaxBackgroundRadius:0.025]]
[2022.05.06-12.20.48:189][  0]LogConfig: Applying CVar settings from Section [TextureQuality@3] File [C:/Users/Fredrik/source/repos/Space Shooter/UnrealEksamen/UnrealEksamen/Saved/Config/Windows/Scalability.ini]
[2022.05.06-12.20.48:190][  0]LogConfig: Setting CVar [[r.Streaming.MipBias:0]]
[2022.05.06-12.20.48:190][  0]LogConfig: Setting CVar [[r.Streaming.AmortizeCPUToGPUCopy:0]]
[2022.05.06-12.20.48:190][  0]LogConfig: Setting CVar [[r.Streaming.MaxNumTexturesToStreamPerFrame:0]]
[2022.05.06-12.20.48:190][  0]LogConfig: Setting CVar [[r.Streaming.Boost:1]]
[2022.05.06-12.20.48:190][  0]LogConfig: Setting CVar [[r.MaxAnisotropy:8]]
[2022.05.06-12.20.48:190][  0]LogConfig: Setting CVar [[r.VT.MaxAnisotropy:8]]
[2022.05.06-12.20.48:190][  0]LogConfig: Setting CVar [[r.Streaming.LimitPoolSizeToVRAM:0]]
[2022.05.06-12.20.48:190][  0]LogConfig: Setting CVar [[r.Streaming.PoolSize:1000]]
[2022.05.06-12.20.48:190][  0]LogConfig: Setting CVar [[r.Streaming.MaxEffectiveScreenSize:0]]
[2022.05.06-12.20.48:190][  0]LogConfig: Applying CVar settings from Section [EffectsQuality@3] File [C:/Users/Fredrik/source/repos/Space Shooter/UnrealEksamen/UnrealEksamen/Saved/Config/Windows/Scalability.ini]
[2022.05.06-12.20.48:190][  0]LogConfig: Setting CVar [[r.TranslucencyLightingVolumeDim:64]]
[2022.05.06-12.20.48:190][  0]LogConfig: Setting CVar [[r.RefractionQuality:2]]
[2022.05.06-12.20.48:190][  0]LogConfig: Setting CVar [[r.SSR.Quality:3]]
[2022.05.06-12.20.48:190][  0]LogConfig: Setting CVar [[r.SSR.HalfResSceneColor:0]]
[2022.05.06-12.20.48:190][  0]LogConfig: Setting CVar [[r.SceneColorFormat:4]]
[2022.05.06-12.20.48:190][  0]LogConfig: Setting CVar [[r.DetailMode:2]]
[2022.05.06-12.20.48:190][  0]LogConfig: Setting CVar [[r.TranslucencyVolumeBlur:1]]
[2022.05.06-12.20.48:190][  0]LogConfig: Setting CVar [[r.MaterialQualityLevel:1 ; High quality]]
[2022.05.06-12.20.48:190][  0]LogConfig: Setting CVar [[r.AnisotropicMaterials:1]]
[2022.05.06-12.20.48:190][  0]LogConfig: Setting CVar [[r.SSS.Scale:1]]
[2022.05.06-12.20.48:190][  0]LogConfig: Setting CVar [[r.SSS.SampleSet:2]]
[2022.05.06-12.20.48:190][  0]LogConfig: Setting CVar [[r.SSS.Quality:1]]
[2022.05.06-12.20.48:190][  0]LogConfig: Setting CVar [[r.SSS.HalfRes:0]]
[2022.05.06-12.20.48:190][  0]LogConfig: Setting CVar [[r.SSGI.Quality:3]]
[2022.05.06-12.20.48:190][  0]LogConfig: Setting CVar [[r.EmitterSpawnRateScale:1.0]]
[2022.05.06-12.20.48:190][  0]LogConfig: Setting CVar [[r.ParticleLightQuality:2]]
[2022.05.06-12.20.48:190][  0]LogConfig: Setting CVar [[r.SkyAtmosphere.AerialPerspectiveLUT.FastApplyOnOpaque:1 ; Always have FastSkyLUT 1 in this case to avoid wrong sky]]
[2022.05.06-12.20.48:190][  0]LogConfig: Setting CVar [[r.SkyAtmosphere.AerialPerspectiveLUT.SampleCountMaxPerSlice:4]]
[2022.05.06-12.20.48:190][  0]LogConfig: Setting CVar [[r.SkyAtmosphere.AerialPerspectiveLUT.DepthResolution:16.0]]
[2022.05.06-12.20.48:190][  0]LogConfig: Setting CVar [[r.SkyAtmosphere.FastSkyLUT:1]]
[2022.05.06-12.20.48:190][  0]LogConfig: Setting CVar [[r.SkyAtmosphere.FastSkyLUT.SampleCountMin:4.0]]
[2022.05.06-12.20.48:190][  0]LogConfig: Setting CVar [[r.SkyAtmosphere.FastSkyLUT.SampleCountMax:128.0]]
[2022.05.06-12.20.48:190][  0]LogConfig: Setting CVar [[r.SkyAtmosphere.SampleCountMin:4.0]]
[2022.05.06-12.20.48:190][  0]LogConfig: Setting CVar [[r.SkyAtmosphere.SampleCountMax:128.0]]
[2022.05.06-12.20.48:190][  0]LogConfig: Setting CVar [[r.SkyAtmosphere.TransmittanceLUT.UseSmallFormat:0]]
[2022.05.06-12.20.48:190][  0]LogConfig: Setting CVar [[r.SkyAtmosphere.TransmittanceLUT.SampleCount:10.0]]
[2022.05.06-12.20.48:190][  0]LogConfig: Setting CVar [[r.SkyAtmosphere.MultiScatteringLUT.SampleCount:15.0]]
[2022.05.06-12.20.48:190][  0]LogConfig: Setting CVar [[r.SkyLight.RealTimeReflectionCapture:1]]
[2022.05.06-12.20.48:190][  0]LogConfig: Applying CVar settings from Section [FoliageQuality@3] File [C:/Users/Fredrik/source/repos/Space Shooter/UnrealEksamen/UnrealEksamen/Saved/Config/Windows/Scalability.ini]
[2022.05.06-12.20.48:190][  0]LogConfig: Setting CVar [[foliage.DensityScale:1.0]]
[2022.05.06-12.20.48:190][  0]LogConfig: Setting CVar [[grass.DensityScale:1.0]]
[2022.05.06-12.20.48:190][  0]LogConfig: Applying CVar settings from Section [ShadingQuality@3] File [C:/Users/Fredrik/source/repos/Space Shooter/UnrealEksamen/UnrealEksamen/Saved/Config/Windows/Scalability.ini]
[2022.05.06-12.20.48:190][  0]LogConfig: Setting CVar [[r.HairStrands.SkyLighting.IntegrationType:2]]
[2022.05.06-12.20.48:190][  0]LogConfig: Setting CVar [[r.HairStrands.SkyAO.SampleCount:4]]
[2022.05.06-12.20.48:190][  0]LogConfig: Setting CVar [[r.HairStrands.Visibility.MSAA.SamplePerPixel:4]]
[2022.05.06-12.20.48:190][  0]LogConfig: Applying CVar settings from Section [Startup] File [../../../Engine/Config/ConsoleVariables.ini]
[2022.05.06-12.20.48:191][  0]LogConfig: Setting CVar [[net.UseAdaptiveNetUpdateFrequency:0]]
[2022.05.06-12.20.48:191][  0]LogConfig: Setting CVar [[p.chaos.AllowCreatePhysxBodies:1]]
[2022.05.06-12.20.48:191][  0]LogConfig: Setting CVar [[fx.SkipVectorVMBackendOptimizations:1]]
[2022.05.06-12.20.48:191][  0]LogConfig: Applying CVar settings from Section [ConsoleVariables] File [C:/Users/Fredrik/source/repos/Space Shooter/UnrealEksamen/UnrealEksamen/Saved/Config/Windows/Engine.ini]
[2022.05.06-12.20.48:191][  0]LogConfig: Applying CVar settings from Section [ConsoleVariables] File [C:/Users/Fredrik/source/repos/Space Shooter/UnrealEksamen/UnrealEksamen/Saved/Config/Windows/Editor.ini]
[2022.05.06-12.20.48:191][  0]LogInit: Computer: LAPTOP-SQIIP30C
[2022.05.06-12.20.48:191][  0]LogInit: User: Fredrik
[2022.05.06-12.20.48:191][  0]LogInit: CPU Page size=4096, Cores=4
[2022.05.06-12.20.48:191][  0]LogInit: High frequency timer resolution =10.000000 MHz
[2022.05.06-12.20.48:191][  0]LogMemory: Memory total: Physical=7.9GB (8GB approx)
[2022.05.06-12.20.48:191][  0]LogMemory: Platform Memory Stats for Windows
[2022.05.06-12.20.48:191][  0]LogMemory: Process Physical Memory: 141.94 MB used, 141.94 MB peak
[2022.05.06-12.20.48:191][  0]LogMemory: Process Virtual Memory: 116.96 MB used, 116.96 MB peak
[2022.05.06-12.20.48:191][  0]LogMemory: Physical Memory: 6767.08 MB used,  1307.79 MB free, 8074.86 MB total
[2022.05.06-12.20.48:191][  0]LogMemory: Virtual Memory: 134213904.00 MB used,  3821.74 MB free, 134217728.00 MB total
[2022.05.06-12.20.48:198][  0]LogWindows: WindowsPlatformFeatures enabled
[2022.05.06-12.20.48:226][  0]LogInit: Physics initialised using underlying interface: PhysX
[2022.05.06-12.20.48:227][  0]LogInit: Using OS detected language (da-DK).
[2022.05.06-12.20.48:227][  0]LogInit: Using OS detected locale (da-DK).
[2022.05.06-12.20.48:230][  0]LogTextLocalizationManager: No localization for 'da-DK' exists, so 'en' will be used for the language.
[2022.05.06-12.20.48:450][  0]LogInit: Setting process to per monitor DPI aware
[2022.05.06-12.20.48:465][  0]LogWindowsTextInputMethodSystem: Display: IME system deactivated.
[2022.05.06-12.20.48:476][  0]LogSlate: New Slate User Created.  User Index 0, Is Virtual User: 0
[2022.05.06-12.20.48:476][  0]LogSlate: Slate User Registered.  User Index 0, Is Virtual User: 0
[2022.05.06-12.20.48:646][  0]LogD3D11RHI: Loaded GFSDK_Aftermath_Lib.x64.dll
[2022.05.06-12.20.48:650][  0]LogHMD: Failed to initialize OpenVR with code 110
[2022.05.06-12.20.48:651][  0]LogD3D11RHI: D3D11 min allowed feature level: 11_0
[2022.05.06-12.20.48:651][  0]LogD3D11RHI: D3D11 max allowed feature level: 11_0
[2022.05.06-12.20.48:651][  0]LogD3D11RHI: D3D11 adapters:
[2022.05.06-12.20.48:837][  0]LogD3D11RHI:    0. 'Intel(R) UHD Graphics 620' (Feature Level 11_0)
[2022.05.06-12.20.48:837][  0]LogD3D11RHI:       128/0/4037 MB DedicatedVideo/DedicatedSystem/SharedSystem, Outputs:1, VendorId:0x8086
[2022.05.06-12.20.48:839][  0]LogD3D11RHI:    1. 'Microsoft Basic Render Driver' (Feature Level 11_0)
[2022.05.06-12.20.48:840][  0]LogD3D11RHI:       0/0/4037 MB DedicatedVideo/DedicatedSystem/SharedSystem, Outputs:0, VendorId:0x1414
[2022.05.06-12.20.48:840][  0]LogD3D11RHI: Chosen D3D11 Adapter:
[2022.05.06-12.20.48:840][  0]LogD3D11RHI:     Description : Intel(R) UHD Graphics 620
[2022.05.06-12.20.48:840][  0]LogD3D11RHI:     VendorId    : 8086
[2022.05.06-12.20.48:840][  0]LogD3D11RHI:     DeviceId    : 5917
[2022.05.06-12.20.48:840][  0]LogD3D11RHI:     SubSysId    : 12d11043
[2022.05.06-12.20.48:840][  0]LogD3D11RHI:     Revision    : 0007
[2022.05.06-12.20.48:840][  0]LogD3D11RHI:     DedicatedVideoMemory : 134217728 bytes
[2022.05.06-12.20.48:840][  0]LogD3D11RHI:     DedicatedSystemMemory : 0 bytes
[2022.05.06-12.20.48:840][  0]LogD3D11RHI:     SharedSystemMemory : 4233553920 bytes
[2022.05.06-12.20.48:840][  0]LogD3D11RHI:     AdapterLuid : 0 47704
[2022.05.06-12.20.48:846][  0]LogD3D11RHI: Creating new Direct3DDevice
[2022.05.06-12.20.48:846][  0]LogD3D11RHI:     GPU DeviceId: 0x5917 (for the marketing name, search the web for "GPU Device Id")
[2022.05.06-12.20.48:846][  0]LogWindows: EnumDisplayDevices:
[2022.05.06-12.20.48:846][  0]LogWindows:    0. 'Intel(R) UHD Graphics 620' (P:1 D:1)
[2022.05.06-12.20.48:847][  0]LogWindows:    1. 'Intel(R) UHD Graphics 620' (P:0 D:0)
[2022.05.06-12.20.48:847][  0]LogWindows:    2. 'Intel(R) UHD Graphics 620' (P:0 D:0)
[2022.05.06-12.20.48:847][  0]LogWindows: DebugString: FoundDriverCount:3 
[2022.05.06-12.20.48:847][  0]LogD3D11RHI:     Adapter Name: Intel(R) UHD Graphics 620
[2022.05.06-12.20.48:847][  0]LogD3D11RHI:   Driver Version: 27.20.100.8682 (internal:27.20.100.8682, unified:27.20.100.8682)
[2022.05.06-12.20.48:847][  0]LogD3D11RHI:      Driver Date: 9-5-2020
[2022.05.06-12.20.48:847][  0]LogRHI: Texture pool is 1502 MB (70% of 2146 MB)
[2022.05.06-12.20.48:859][  0]LogD3D11RHI: Creating D3DDevice using adapter:
[2022.05.06-12.20.48:859][  0]LogD3D11RHI:     Description : Intel(R) UHD Graphics 620
[2022.05.06-12.20.48:859][  0]LogD3D11RHI:     VendorId    : 8086
[2022.05.06-12.20.48:859][  0]LogD3D11RHI:     DeviceId    : 5917
[2022.05.06-12.20.48:859][  0]LogD3D11RHI:     SubSysId    : 12d11043
[2022.05.06-12.20.48:859][  0]LogD3D11RHI:     Revision    : 0007
[2022.05.06-12.20.48:859][  0]LogD3D11RHI:     DedicatedVideoMemory : 134217728 bytes
[2022.05.06-12.20.48:859][  0]LogD3D11RHI:     DedicatedSystemMemory : 0 bytes
[2022.05.06-12.20.48:859][  0]LogD3D11RHI:     SharedSystemMemory : 4233553920 bytes
[2022.05.06-12.20.48:859][  0]LogD3D11RHI:     AdapterLuid : 0 47704
[2022.05.06-12.20.49:033][  0]LogD3D11RHI: RHI does not have support for 64 bit atomics
[2022.05.06-12.20.49:111][  0]LogD3D11RHI: Intel Extensions support version Full=16777216, Major=1, Minor=0, Revision=0
[2022.05.06-12.20.49:111][  0]LogD3D11RHI: Intel Extensions support version Full=16777217, Major=1, Minor=0, Revision=1
[2022.05.06-12.20.49:111][  0]LogD3D11RHI: Intel Extensions Framework enabled
[2022.05.06-12.20.49:112][  0]LogD3D11RHI: [IntelMetricsDiscovery] Started
[2022.05.06-12.20.49:112][  0]LogD3D11RHI: Async texture creation enabled
[2022.05.06-12.20.49:112][  0]LogD3D11RHI: Array index from any shader is supported
[2022.05.06-12.20.49:121][  0]LogD3D11RHI: GPU Timing Frequency: 12.000048 (Debug: 2 0)
[2022.05.06-12.20.49:509][  0]LogTargetPlatformManager: Display: Loaded TargetPlatform 'AllDesktop'
[2022.05.06-12.20.49:538][  0]LogTargetPlatformManager: Display: Loaded TargetPlatform 'Android'
[2022.05.06-12.20.49:538][  0]LogTargetPlatformManager: Display: Loaded TargetPlatform 'Android_ASTC'
[2022.05.06-12.20.49:538][  0]LogTargetPlatformManager: Display: Loaded TargetPlatform 'Android_DXT'
[2022.05.06-12.20.49:538][  0]LogTargetPlatformManager: Display: Loaded TargetPlatform 'Android_ETC2'
[2022.05.06-12.20.49:538][  0]LogTargetPlatformManager: Display: Loaded TargetPlatform 'AndroidClient'
[2022.05.06-12.20.49:538][  0]LogTargetPlatformManager: Display: Loaded TargetPlatform 'Android_ASTCClient'
[2022.05.06-12.20.49:538][  0]LogTargetPlatformManager: Display: Loaded TargetPlatform 'Android_DXTClient'
[2022.05.06-12.20.49:538][  0]LogTargetPlatformManager: Display: Loaded TargetPlatform 'Android_ETC2Client'
[2022.05.06-12.20.49:538][  0]LogTargetPlatformManager: Display: Loaded TargetPlatform 'Android_Multi'
[2022.05.06-12.20.49:538][  0]LogTargetPlatformManager: Display: Loaded TargetPlatform 'Android_MultiClient'
[2022.05.06-12.20.49:564][  0]LogTargetPlatformManager: Display: Loaded TargetPlatform 'IOSClient'
[2022.05.06-12.20.49:564][  0]LogTargetPlatformManager: Display: Loaded TargetPlatform 'IOS'
[2022.05.06-12.20.49:575][  0]LogTargetPlatformManager: Display: Loaded TargetPlatform 'Linux'
[2022.05.06-12.20.49:581][  0]LogTargetPlatformManager: Display: Loaded TargetPlatform 'LinuxNoEditor'
[2022.05.06-12.20.49:587][  0]LogTargetPlatformManager: Display: Loaded TargetPlatform 'LinuxClient'
[2022.05.06-12.20.49:593][  0]LogTargetPlatformManager: Display: Loaded TargetPlatform 'LinuxServer'
[2022.05.06-12.20.49:605][  0]LogTargetPlatformManager: Display: Loaded TargetPlatform 'LinuxAArch64NoEditor'
[2022.05.06-12.20.49:613][  0]LogTargetPlatformManager: Display: Loaded TargetPlatform 'LinuxAArch64Client'
[2022.05.06-12.20.49:619][  0]LogTargetPlatformManager: Display: Loaded TargetPlatform 'LinuxAArch64Server'
[2022.05.06-12.20.49:648][  0]LogTargetPlatformManager: Display: Loaded TargetPlatform 'Lumin'
[2022.05.06-12.20.49:648][  0]LogTargetPlatformManager: Display: Loaded TargetPlatform 'LuminClient'
[2022.05.06-12.20.49:659][  0]LogTargetPlatformManager: Display: Loaded TargetPlatform 'MacNoEditor'
[2022.05.06-12.20.49:666][  0]LogTargetPlatformManager: Display: Loaded TargetPlatform 'Mac'
[2022.05.06-12.20.49:672][  0]LogTargetPlatformManager: Display: Loaded TargetPlatform 'MacClient'
[2022.05.06-12.20.49:679][  0]LogTargetPlatformManager: Display: Loaded TargetPlatform 'MacServer'
[2022.05.06-12.20.49:696][  0]LogTargetPlatformManager: Display: Loaded TargetPlatform 'TVOSClient'
[2022.05.06-12.20.49:696][  0]LogTargetPlatformManager: Display: Loaded TargetPlatform 'TVOS'
[2022.05.06-12.20.49:711][  0]LogTargetPlatformManager: Display: Loaded TargetPlatform 'WindowsNoEditor'
[2022.05.06-12.20.49:724][  0]LogTargetPlatformManager: Display: Loaded TargetPlatform 'Windows'
[2022.05.06-12.20.49:731][  0]LogTargetPlatformManager: Display: Loaded TargetPlatform 'WindowsClient'
[2022.05.06-12.20.49:738][  0]LogTargetPlatformManager: Display: Loaded TargetPlatform 'WindowsServer'
[2022.05.06-12.20.49:738][  0]LogTargetPlatformManager: Display: Building Assets For Windows
[2022.05.06-12.20.49:749][  0]LogAudioDebug: Display: Lib vorbis DLL was dynamically loaded.
[2022.05.06-12.20.49:793][  0]LogTextureFormatOodle: Display: Oodle Texture 2.9.0 init RDO Off
[2022.05.06-12.20.49:851][  0]LogRendererCore: Ray tracing is disabled. Reason: r.RayTracing=0.
[2022.05.06-12.20.49:851][  0]LogShaderCompilers: Guid format shader working directory is -38 characters bigger than the processId version (../../../../../../Users/Fredrik/source/repos/Space Shooter/UnrealEksamen/UnrealEksamen/Intermediate/Shaders/WorkingDirectory/2584/).
[2022.05.06-12.20.49:852][  0]LogShaderCompilers: Cleaned the shader compiler working directory 'C:/Users/Fredrik/AppData/Local/Temp/UnrealShaderWorkingDir/A021B8ED41609321459AE28169A79DC2/'.
[2022.05.06-12.20.49:852][  0]LogXGEController: Cannot use XGE Controller as Incredibuild is not installed on this machine.
[2022.05.06-12.20.49:852][  0]LogShaderCompilers: Cannot use XGE Shader Compiler as Incredibuild is not installed on this machine.
[2022.05.06-12.20.49:852][  0]LogShaderCompilers: Display: Using Local Shader Compiler.
[2022.05.06-12.20.50:812][  0]LogDerivedDataCache: Display: Max Cache Size: 512 MB
[2022.05.06-12.20.50:874][  0]LogDerivedDataCache: Loaded boot cache 0.06s 94MB C:/Users/Fredrik/AppData/Local/UnrealEngine/4.27/DerivedDataCache/Boot.ddc.
[2022.05.06-12.20.50:874][  0]LogDerivedDataCache: Display: Loaded Boot cache: C:/Users/Fredrik/AppData/Local/UnrealEngine/4.27/DerivedDataCache/Boot.ddc
[2022.05.06-12.20.50:874][  0]LogDerivedDataCache: FDerivedDataBackendGraph:  Pak pak cache file ../../../../../../Users/Fredrik/source/repos/Space Shooter/UnrealEksamen/UnrealEksamen/DerivedDataCache/DDC.ddp not found, will not use a pak cache.
[2022.05.06-12.20.50:874][  0]LogDerivedDataCache: Unable to find inner node Pak for hierarchical cache Hierarchy.
[2022.05.06-12.20.50:874][  0]LogDerivedDataCache: FDerivedDataBackendGraph:  CompressedPak pak cache file ../../../../../../Users/Fredrik/source/repos/Space Shooter/UnrealEksamen/UnrealEksamen/DerivedDataCache/Compressed.ddp not found, will not use a pak cache.
[2022.05.06-12.20.50:874][  0]LogDerivedDataCache: Unable to find inner node CompressedPak for hierarchical cache Hierarchy.
[2022.05.06-12.20.50:893][  0]LogDerivedDataCache: Display: Pak cache opened for reading ../../../Engine/DerivedDataCache/Compressed.ddp.
[2022.05.06-12.20.50:893][  0]LogDerivedDataCache: FDerivedDataBackendGraph:  EnterprisePak pak cache file ../../../Enterprise/DerivedDataCache/Compressed.ddp not found, will not use a pak cache.
[2022.05.06-12.20.50:893][  0]LogDerivedDataCache: Unable to find inner node EnterprisePak for hierarchical cache Hierarchy.
[2022.05.06-12.20.50:898][  0]LogDerivedDataCache: Speed tests for C:/Users/Fredrik/AppData/Local/UnrealEngine/Common/DerivedDataCache took 0.01 seconds
[2022.05.06-12.20.50:898][  0]LogDerivedDataCache: Display: Performance to C:/Users/Fredrik/AppData/Local/UnrealEngine/Common/DerivedDataCache: Latency=0.03ms. RandomReadSpeed=880.72MBs, RandomWriteSpeed=234.11MBs. Assigned SpeedClass 'Local'
[2022.05.06-12.20.50:899][  0]LogDerivedDataCache: Using Local data cache path C:/Users/Fredrik/AppData/Local/UnrealEngine/Common/DerivedDataCache: Writable
[2022.05.06-12.20.50:899][  0]LogDerivedDataCache: Shared data cache path not found in *engine.ini, will not use an Shared cache.
[2022.05.06-12.20.50:899][  0]LogDerivedDataCache: Unable to find inner node Shared for hierarchical cache Hierarchy.
[2022.05.06-12.20.50:958][  0]LogSlate: Using FreeType 2.10.0
[2022.05.06-12.20.50:958][  0]LogSlate: SlateFontServices - WITH_FREETYPE: 1, WITH_HARFBUZZ: 1
[2022.05.06-12.20.50:990][  0]LogAssetRegistry: FAssetRegistry took 0.0030 seconds to start up
[2022.05.06-12.20.51:280][  0]LogInit: Selected Device Profile: [Windows]
[2022.05.06-12.20.51:280][  0]LogInit: Active device profile: [00000173D5F4EE00][00000173D51284C0 49] Windows
[2022.05.06-12.20.51:280][  0]LogInit: Profiles: [00000173D5F4EE00][00000173D51284C0 49] Windows, [00000173D5F19400][00000173D4DB8780 49] WindowsNoEditor, [00000173D5F4D400][00000173D5134A40 49] WindowsServer, [00000173D5F1A600][00000173D512CCC0 49] WindowsClient, [00000173D5F4E500][00000173D5138F40 49] IOS, [00000173D5F19D00][00000173CE8F1200 49] iPadAir, [00000173D5F4DC00][00000173CE8F94C0 49] iPadAir2, [00000173D7C6F500][00000173D5055A00 49] IPadPro, [00000173D7C6F600][00000173CE8FDA40 49] iPadAir3, [00000173D5F4F000][00000173D504C180 49] iPadAir4, [00000173D7C6D900][00000173D5048440 49] iPadMini2, [00000173D5F4EB00][00000173D5050700 49] iPadMini3, [00000173D7C6F700][00000173D4C1E9C0 49] iPadMini4, [00000173D5F4C100][00000173D5098C80 49] iPadMini5, [00000173D7CB6E00][00000173CEC55140 49] iPhone6, [00000173D7CB6F00][00000173CE8ED180 49] iPodTouch6, [00000173D7C6CA00][00000173CEC816C0 49] iPhone7, [00000173D7C6C900][00000173CED71700 49] iPodTouch7, [00000173D7CB5800][00000173CEC799C0 49] iPhone5S, [00000173D7C6EE00][00000173D519A100 49] iPhone6Plus, [00000173D7CB6100][00000173CEC7C3C0 49] iPhone6S, [00000173D7C6E400][00000173D478C680 49] iPhone6SPlus, [00000173D7CB5700][00000173CEDF4940 49] iPhone7Plus, [00000173D7C6FA00][00000173CEDF8C00 49] iPhoneSE, [00000173D7CB5A00][00000173CEC84EC0 49] iPhone8, [00000173D7C6EC00][00000173D5197140 49] iPhone8Plus, [00000173D7CB6000][00000173D4EE53C0 49] iPhoneX, [00000173D7C6E500][00000173CF9F1680 49] iPhoneXS, [00000173D7CB6900][00000173D76AF940 49] iPhoneXSMax, [00000173D7C6F300][00000173CE7B9C00 49] iPhoneXR, [00000173D7CB7700][00000173CE7DC340 49] iPhone11, [00000173D7C6CE00][00000173D4822600 49] iPhone11Pro, [00000173D7CB7500][00000173D4D608C0 49] iPhone11ProMax, [00000173D7C6DA00][00000173D4D8AB80 49] iPhoneSE2, [00000173D7CB5200][00000173D4856E40 49] iPhone12Mini, [00000173D7C6DE00][00000173D4869100 49] iPhone12, [00000173D7CB6200][00000173CF9ED380 49] iPhone12Pro, [00000173D7C6C700][00000173D77F7640 49] iPhone12ProMax, [00000173D7CB7800][00000173D781B900 49] iPadPro105, [00000173D7C6EA00][00000173D783BBC0 49] iPadPro129, [00000173D7CB4B00][00000173D7872300 49] iPadPro97, [00000173D7C6F800][00000173D78765C0 49] iPadPro2_129, [00000173D7CB7D00][00000173D787E880 49] iPad5, [00000173D7C6FD00][00000173D78B0B40 49] iPad6, [00000173D7CB6500][00000173D78C0E00 49] iPad7, [00000173D7C6C400][00000173D8CA50C0 49] iPad8, [00000173D7CB7F00][00000173D4893340 49] iPadPro11, [00000173D7C6FB00][00000173D8E135C0 49] iPadPro2_11, [00000173D7CB6400][00000173D8E1B880 49] iPadPro3_129, [00000173D7C6FE00][00000173D8E89B40 49] iPadPro4_129, [00000173D7CB5300][00000173D8E9E280 49] AppleTV, [00000173D5FD8A00][00000173CAE0C540 49] AppleTV4K, [00000173D5F1BA00][00000173CAE10800 49] TVOS, [00000173D5FD9900][00000173CAE14AC0 49] Mac, [00000173D5F1A200][00000173CAE1ED80 49] MacClient, [00000173D5FD9200][00000173CAE23040 49] MacNoEditor, [00000173D5F1AA00][00000173CAE27300 49] MacServer, [00000173D5FD8200][00000173D8E17580 49] Linux, [00000173D5F18D00][00000173CED97800 49] LinuxAArch64, [00000173D5FD9300][00000173D8F4DAC0 49] LinuxNoEditor, [00000173D5F19500][00000173D8F50200 49] LinuxAArch64NoEditor, [00000173D5FD9600][00000173D8F5A4C0 49] LinuxClient, [00000173D5F1AE00][00000173CEDBA780 49] LinuxAArch64Client, [00000173D5FD9500][00000173CEDBEA40 49] LinuxServer, [00000173D5F1B500][00000173D4EC6D00 49] LinuxAArch64Server, [00000173D5FD9D00][00000173D4ECAFC0 49] Android, [00000173D5F19E00][00000173CF9A5280 49] Android_Low, [00000173D5FD9C00][00000173CF9A9540 49] Android_Mid, [00000173D5F1A900][00000173CED9B7C0 49] Android_High, [00000173D7CB5E00][00000173CEC59A40 49] Android_Default, [00000173D7C6E100][00000173CEC60180 49] Android_Adreno4xx, [00000173D7CB5000][00000173CEC64440 49] Android_Adreno5xx_Low, [00000173D7C6F900][00000173CEC68700 49] Android_Adreno5xx, [00000173D7CB5900][00000173CF9B09C0 49] Android_Adreno6xx, [00000173D7C6CC00][00000173CF9B4C80 49] Android_Adreno6xx_Vulkan, [00000173D7CB5400][00000173CF9B8F40 49] Android_Mali_T6xx, [00000173D7C6E200][00000173CF9BD200 49] Android_Mali_T7xx, [00000173D7CB4F00][00000173CF9C14C0 49] Android_Mali_T8xx, [00000173D7C6D300][00000173CF9AD780 49] Android_Mali_G71, [00000173D7CB6B00][00000173CEC5DA00 49] Android_Mali_G72, [00000173D7C6D600][00000173CEC6C100 49] Android_Mali_G72_Vulkan, [00000173D7CB7C00][00000173CF9C83C0 49] Android_Mali_G76, [00000173D7C6F200][00000173CF9CC680 49] Android_Mali_G76_Vulkan, [00000173D7CB6700][00000173D8C4A940 49] Android_Mali_G77, [00000173D7C6C800][00000173D8C4EC00 49] Android_Mali_G77_Vulkan, [00000173D7CB5100][00000173D8C52EC0 49] Android_Mali_G78, [00000173D7C6D400][00000173D7611180 49] Android_Mali_G78_Vulkan, [00000173D7CB5F00][00000173D7615440 49] Android_Mali_G710, [00000173D7C6C500][00000173D7619700 49] Android_Mali_G710_Vulkan, [00000173D5FD8600][00000173D761D9C0 49] Android_Vulkan_SM5, [00000173D7C6C600][00000173CF9C40C0 49] Android_PowerVR_G6xxx, [00000173D5FD9800][00000173D7620340 49] Android_PowerVR_GT7xxx, [00000173D7C6DC00][00000173CE7E8600 49] Android_PowerVR_GE8xxx, [00000173D5FD9B00][00000173D8DE08C0 49] Android_PowerVR_GM9xxx, [00000173D7C6EF00][00000173D8CD6B80 49] Android_PowerVR_GM9xxx_Vulkan, [00000173D5FD8100][00000173D8CA0E40 49] Android_TegraK1, [00000173D7C6E300][00000173CEC51100 49] Android_Unknown_Vulkan, [00000173D5FD8800][00000173CEC353C0 49] Lumin, [00000173D7C6ED00][00000173D78AD680 49] Lumin_Desktop, [00000173D7CB4D00][00000173D787B940 49] HoloLens, 
[2022.05.06-12.20.51:435][  0]LogMeshReduction: Using QuadricMeshReduction for automatic static mesh reduction
[2022.05.06-12.20.51:435][  0]LogMeshReduction: Using SimplygonMeshReduction for automatic skeletal mesh reduction
[2022.05.06-12.20.51:435][  0]LogMeshReduction: Using ProxyLODMeshReduction for automatic mesh merging
[2022.05.06-12.20.51:435][  0]LogMeshReduction: No distributed automatic mesh merging module available
[2022.05.06-12.20.51:435][  0]LogMeshMerging: No distributed automatic mesh merging module available
[2022.05.06-12.20.51:453][  0]LogNetVersion: UnrealEksamen 1.0.0, NetCL: 17155196, EngineNetVer: 17, GameNetVer: 0 (Checksum: 3688939485)
[2022.05.06-12.20.51:928][  0]LogTexture: Default maximum texture size for cubemaps generated from long-lat sources has been changed from 512 to unlimited. In order to preserve old behaiour for '/Engine/MapTemplates/Sky/DaylightAmbientCubemap.DaylightAmbientCubemap', its maximum texture size has been explicitly set to 512.
[2022.05.06-12.20.51:989][  0]LogHMD: PokeAHoleMaterial loaded successfully
[2022.05.06-12.20.51:996][  0]LogUObjectArray: 17178 objects as part of root set at end of initial load.
[2022.05.06-12.20.51:996][  0]LogUObjectAllocator: 4302048 out of 0 bytes used by permanent object pool.
[2022.05.06-12.20.51:996][  0]LogUObjectArray: CloseDisregardForGC: 0/0 objects in disregard for GC pool
[2022.05.06-12.20.52:336][  0]LogNiagaraDebuggerClient: Niagara Debugger Client Initialized | Session: AD2C721F4FD8FF2171ACC68BC1A85F31 | Instance: A7688E8C450A6822137280AA5EA17749 (LAPTOP-SQIIP30C-2584).
[2022.05.06-12.20.52:482][  0]LogPython: Using Python 3.7.7
[2022.05.06-12.20.53:139][  0]LogTcpMessaging: Initializing TcpMessaging bridge
[2022.05.06-12.20.53:144][  0]LogUdpMessaging: Initializing bridge on interface 0.0.0.0:0 to multicast group 230.0.0.1:6666.
[2022.05.06-12.20.53:432][  0]SourceControl: Source control is disabled
[2022.05.06-12.20.53:432][  0]SourceControl: Source control is disabled
[2022.05.06-12.20.53:436][  0]SourceControl: Source control is disabled
[2022.05.06-12.20.53:441][  0]SourceControl: Source control is disabled
[2022.05.06-12.20.53:451][  0]SourceControl: Source control is disabled
[2022.05.06-12.20.53:459][  0]LogUProjectInfo: Found projects:
[2022.05.06-12.20.53:649][  0]LogOpenImageDenoise: OIDN starting up
[2022.05.06-12.20.53:705][  0]LogAndroidPermission: UAndroidPermissionCallbackProxy::GetInstance
[2022.05.06-12.20.53:735][  0]LogAudioCaptureCore: Display: No Audio Capture implementations found. Audio input will be silent.
[2022.05.06-12.20.53:735][  0]LogAudioCaptureCore: Display: No Audio Capture implementations found. Audio input will be silent.
[2022.05.06-12.20.53:886][  0]LogCollectionManager: Loaded 0 collections in 0.002018 seconds
[2022.05.06-12.20.53:915][  0]LogFileCache: Scanning file cache for directory 'C:/Users/Fredrik/source/repos/Space Shooter/UnrealEksamen/UnrealEksamen/Saved/Collections/' took 0.00s
[2022.05.06-12.20.53:915][  0]LogFileCache: Scanning file cache for directory 'C:/Users/Fredrik/source/repos/Space Shooter/UnrealEksamen/UnrealEksamen/Content/Developers/Fredrik/Collections/' took 0.00s
[2022.05.06-12.20.53:915][  0]LogFileCache: Scanning file cache for directory 'C:/Users/Fredrik/source/repos/Space Shooter/UnrealEksamen/UnrealEksamen/Content/Collections/' took 0.00s
[2022.05.06-12.20.53:915][  0]LogOcInput: OculusInput pre-init called
[2022.05.06-12.20.54:234][  0]LogClass: Display: IntProperty FRegisteredDeviceInfo::Handle is not initialized properly. Module:RawInput File:Public/RawInputFunctionLibrary.h
[2022.05.06-12.20.54:234][  0]LogClass: Display: IntProperty FRegisteredDeviceInfo::VendorID is not initialized properly. Module:RawInput File:Public/RawInputFunctionLibrary.h
[2022.05.06-12.20.54:234][  0]LogClass: Display: IntProperty FRegisteredDeviceInfo::ProductID is not initialized properly. Module:RawInput File:Public/RawInputFunctionLibrary.h
[2022.05.06-12.20.54:234][  0]LogClass: Display: 3 Uninitialized script struct members found including 0 object properties
[2022.05.06-12.20.54:235][  0]LogEngine: Initializing Engine...
[2022.05.06-12.20.54:239][  0]LogHMD: Failed to enumerate extensions. Please check that you have a valid OpenXR runtime installed.
[2022.05.06-12.20.54:239][  0]LogHMD: Failed to initialize OpenVR with code 110
[2022.05.06-12.20.54:239][  0]LogMagicLeap: Warning: VR disabled because ZI is not enabled.  To enable, in the editor, Edit -> Project Settings -> Plugins -> Magic Leap Plugin -> Enable Zero Iteration
[2022.05.06-12.20.54:240][  0]LogStats: UGameplayTagsManager::InitializeManager -  0.000 s
[2022.05.06-12.20.54:381][  0]LogInit: Initializing FReadOnlyCVARCache
[2022.05.06-12.20.54:394][  0]LogAIModule: Creating AISystem for world Untitled
[2022.05.06-12.20.54:421][  0]LogAudio: Display: Initializing Audio Device Manager...
[2022.05.06-12.20.54:425][  0]LogAudio: Display: Loading Default Audio Settings Objects...
[2022.05.06-12.20.54:426][  0]LogAudio: Display: No default SoundConcurrencyObject specified (or failed to load).
[2022.05.06-12.20.54:426][  0]LogAudio: Display: Audio Device Manager Initialized
[2022.05.06-12.20.54:426][  0]LogAudio: Display: Creating Audio Device:                 Id: 1, Scope: Shared, Realtime: True
[2022.05.06-12.20.54:426][  0]LogAudioMixer: Display: Audio Mixer Platform Settings:
[2022.05.06-12.20.54:426][  0]LogAudioMixer: Display: 	Sample Rate:						  48000
[2022.05.06-12.20.54:426][  0]LogAudioMixer: Display: 	Callback Buffer Frame Size Requested: 1024
[2022.05.06-12.20.54:426][  0]LogAudioMixer: Display: 	Callback Buffer Frame Size To Use:	  1024
[2022.05.06-12.20.54:426][  0]LogAudioMixer: Display: 	Number of buffers to queue:			  2
[2022.05.06-12.20.54:426][  0]LogAudioMixer: Display: 	Max Channels (voices):				  32
[2022.05.06-12.20.54:426][  0]LogAudioMixer: Display: 	Number of Async Source Workers:		  0
[2022.05.06-12.20.54:426][  0]LogAudio: Display: AudioDevice MaxSources: 32
[2022.05.06-12.20.54:427][  0]LogAudio: Display: Audio Spatialization Plugin: None (built-in).
[2022.05.06-12.20.54:427][  0]LogAudio: Display: Audio Reverb Plugin: None (built-in).
[2022.05.06-12.20.54:427][  0]LogAudio: Display: Audio Occlusion Plugin: None (built-in).
[2022.05.06-12.20.54:427][  0]LogAudioMixer: Display: Initializing audio mixer.
[2022.05.06-12.20.54:445][  0]LogAudioMixer: Display: 0: FrontLeft
[2022.05.06-12.20.54:445][  0]LogAudioMixer: Display: 1: FrontRight
[2022.05.06-12.20.54:698][  0]LogAudioMixer: Display: Using Audio Device Højttalere (Realtek(R) Audio)
[2022.05.06-12.20.54:701][  0]LogAudioMixer: Display: Initializing Sound Submixes...
[2022.05.06-12.20.54:704][  0]LogAudioMixer: Display: Creating Master Submix 'MasterSubmixDefault'
[2022.05.06-12.20.54:704][  0]LogAudioMixer: Display: Creating Master Submix 'MasterReverbSubmixDefault'
[2022.05.06-12.20.54:706][  0]LogAudioMixer: Display: Creating Master Submix 'MasterEQSubmixDefault'
[2022.05.06-12.20.54:706][  0]LogAudioMixer: FMixerPlatformXAudio2::StartAudioStream() called
[2022.05.06-12.20.54:706][  0]LogAudioMixer: Display: Output buffers initialized: Frames=1024, Channels=2, Samples=2048
[2022.05.06-12.20.54:708][  0]LogAudioMixer: Display: Starting AudioMixerPlatformInterface::RunInternal()
[2022.05.06-12.20.54:708][  0]LogAudioMixer: Display: FMixerPlatformXAudio2::SubmitBuffer() called for the first time
[2022.05.06-12.20.54:708][  0]LogInit: FAudioDevice initialized.
[2022.05.06-12.20.54:708][  0]LogAudio: Display: Audio Device (ID: 1) registered with world 'Untitled'.
[2022.05.06-12.20.54:708][  0]LogNetVersion: Set ProjectVersion to 1.0.0.0. Version Checksum will be recalculated on next use.
[2022.05.06-12.20.54:799][  0]LogDerivedDataCache: Saved boot cache 0.09s 94MB C:/Users/Fredrik/AppData/Local/UnrealEngine/4.27/DerivedDataCache/Boot.ddc.
[2022.05.06-12.20.54:799][  0]LogInit: Texture streaming: Enabled
[2022.05.06-12.20.54:814][  0]LogAnalytics: Display: [UEEditor.Rocket.Release] APIServer = https://datarouter.ol.epicgames.com/. AppVersion = 4.27.2-18319896+++UE4+Release-4.27
[2022.05.06-12.20.54:823][  0]LogEngineSessionManager: EngineSessionManager initialized
[2022.05.06-12.20.54:823][  0]LogEditorSessionSummary: Verbose: Initializing EditorSessionSummaryWriter for editor session tracking
[2022.05.06-12.20.54:840][  0]LogEditorSessionSummary: EditorSessionSummaryWriter initialized
[2022.05.06-12.20.54:874][  0]LogInit: Transaction tracking system initialized
[2022.05.06-12.20.54:904][  0]BlueprintLog: New page: Editor Load
[2022.05.06-12.20.54:989][  0]LocalizationService: Localization service is disabled
[2022.05.06-12.20.55:023][  0]TimingProfiler: Initialize
[2022.05.06-12.20.55:023][  0]TimingProfiler: OnSessionChanged
[2022.05.06-12.20.55:023][  0]LoadingProfiler: Initialize
[2022.05.06-12.20.55:023][  0]LoadingProfiler: OnSessionChanged
[2022.05.06-12.20.55:023][  0]NetworkingProfiler: Initialize
[2022.05.06-12.20.55:023][  0]NetworkingProfiler: OnSessionChanged
[2022.05.06-12.20.55:023][  0]MemoryProfiler: Initialize
[2022.05.06-12.20.55:023][  0]MemoryProfiler: OnSessionChanged
[2022.05.06-12.20.55:205][  0]LogCook: Display: CookSettings for Memory: MemoryMaxUsedVirtual 0MiB, MemoryMaxUsedPhysical 16384MiB, MemoryMinFreeVirtual 0MiB, MemoryMinFreePhysical 1024MiB
[2022.05.06-12.20.55:205][  0]LogCook: Display: Mobile HDR setting 1
[2022.05.06-12.20.55:457][  0]LogFileCache: Scanning file cache for directory 'C:/Users/Fredrik/source/repos/Space Shooter/UnrealEksamen/UnrealEksamen/Content/' took 0.02s
[2022.05.06-12.20.55:714][  0]LogInit: Display: Engine is initialized. Leaving FEngineLoop::Init()
[2022.05.06-12.20.55:726][  0]SourceControl: Source control is disabled
[2022.05.06-12.20.55:726][  0]LogUnrealEdMisc: Loading editor; pre map load, took 8.938
[2022.05.06-12.20.55:726][  0]Cmd: MAP LOAD FILE="../../../../../../Users/Fredrik/source/repos/Space Shooter/UnrealEksamen/UnrealEksamen/Content/VehicleAdvBP/Maps/VehicleAdvExampleMap.umap" TEMPLATE=0 SHOWPROGRESS=1 FEATURELEVEL=3
[2022.05.06-12.20.55:726][  0]LightingResults: New page: Lighting Build
[2022.05.06-12.20.55:728][  0]LogWorld: UWorld::CleanupWorld for Untitled, bSessionEnded=true, bCleanupResources=true
[2022.05.06-12.20.55:728][  0]LogSlate: InvalidateAllWidgets triggered.  All widgets were invalidated
[2022.05.06-12.20.55:728][  0]MapCheck: New page: Map Check
[2022.05.06-12.20.55:728][  0]LightingResults: New page: Lighting Build
[2022.05.06-12.20.55:734][  0]LogAudio: Display: Audio Device unregistered from world 'None'.
[2022.05.06-12.20.55:738][  0]LogUObjectHash: Compacting FUObjectHashTables data took   0.99ms
[2022.05.06-12.20.59:237][  0]LogSkeletalMesh: Display: [AssetLog] C:\Users\Fredrik\source\repos\Space Shooter\UnrealEksamen\UnrealEksamen\Content\VehicleVarietyPack\Skeletons\SK_Hatchback.uasset: Find and fix some bad tangent! please re-import this skeletal mesh asset to fix the issue. The shading of the skeletal mesh will be bad and faceted.
[2022.05.06-12.21.01:600][  0]LogSkeletalMesh: Display: [AssetLog] C:\Users\Fredrik\source\repos\Space Shooter\UnrealEksamen\UnrealEksamen\Content\VehicleVarietyPack\Skeletons\SK_SUV.uasset: Find and fix some bad tangent! please re-import this skeletal mesh asset to fix the issue. The shading of the skeletal mesh will be bad and faceted.
[2022.05.06-12.21.01:726][  0]LogSkeletalMesh: Display: [AssetLog] C:\Users\Fredrik\source\repos\Space Shooter\UnrealEksamen\UnrealEksamen\Content\VehicleVarietyPack\Skeletons\SK_SportsCar.uasset: Find and fix some bad tangent! please re-import this skeletal mesh asset to fix the issue. The shading of the skeletal mesh will be bad and faceted.
[2022.05.06-12.21.02:997][  0]LogAudio: Display: Audio Device (ID: 1) registered with world 'VehicleAdvExampleMap'.
[2022.05.06-12.21.02:999][  0]LogAIModule: Creating AISystem for world VehicleAdvExampleMap
[2022.05.06-12.21.03:170][  0]LogEditorServer: Finished looking for orphan Actors (0.000 secs)
[2022.05.06-12.21.03:339][  0]LogUObjectHash: Compacting FUObjectHashTables data took   1.95ms
[2022.05.06-12.21.03:346][  0]Cmd: MAP CHECKDEP NOCLEARLOG
[2022.05.06-12.21.03:354][  0]MapCheck: Map check complete: 0 Error(s), 0 Warning(s), took 7,653ms to complete.
[2022.05.06-12.21.03:356][  0]LogFileHelpers: Loading map 'VehicleAdvExampleMap' took 7.628
[2022.05.06-12.21.03:467][  0]LogUnrealEdMisc: Total Editor Startup Time, took 16.679
[2022.05.06-12.21.03:784][  0]LogSlate: Updating window title bar state: overlay mode, drag disabled, window buttons hidden, title bar hidden
[2022.05.06-12.21.03:793][  0]LogSlate: Updating window title bar state: overlay mode, drag disabled, window buttons hidden, title bar hidden
[2022.05.06-12.21.03:800][  0]LogSlate: Updating window title bar state: overlay mode, drag disabled, window buttons hidden, title bar hidden
[2022.05.06-12.21.03:807][  0]LogSlate: Updating window title bar state: overlay mode, drag disabled, window buttons hidden, title bar hidden
[2022.05.06-12.21.03:906][  0]LogNativeClassHierarchy: Verbose: Native class hierarchy populated in 0.0126 seconds. Added 3824 classes and 931 folders.
[2022.05.06-12.21.03:931][  0]LogNativeClassHierarchy: Verbose: Native class hierarchy updated for 'WidgetCarousel' in 0.0003 seconds. Added 0 classes and 0 folders.
[2022.05.06-12.21.03:944][  0]LogPakFile: PakFile PrimaryIndexSize=187
[2022.05.06-12.21.03:944][  0]LogPakFile: PakFile PathHashIndexSize=101
[2022.05.06-12.21.03:944][  0]LogPakFile: PakFile FullDirectoryIndexSize=148
[2022.05.06-12.21.03:946][  0]LogShaderLibrary: Display: ShaderCodeLibraryPakFileMountedCallback: PakFile 'C:/Program Files/Epic Games/UE_4.27/FeaturePacks/FP_FirstPerson.upack' (chunk index -1, root 'root:/') mounted
[2022.05.06-12.21.03:947][  0]LogShaderLibrary: Display: ShaderCodeLibraryPakFileMountedCallback: pending pak file info (ChunkID:-1 Root:root:/ File:C:/Program Files/Epic Games/UE_4.27/FeaturePacks/FP_FirstPerson.upack)
[2022.05.06-12.21.03:947][  0]LogPakFile: OnPakFileMounted2Time == 0.003112
[2022.05.06-12.21.03:956][  0]LogPakFile: PakFile PrimaryIndexSize=189
[2022.05.06-12.21.03:956][  0]LogPakFile: PakFile PathHashIndexSize=101
[2022.05.06-12.21.03:956][  0]LogPakFile: PakFile FullDirectoryIndexSize=152
[2022.05.06-12.21.03:956][  0]LogShaderLibrary: Display: ShaderCodeLibraryPakFileMountedCallback: PakFile 'C:/Program Files/Epic Games/UE_4.27/FeaturePacks/FP_FirstPersonBP.upack' (chunk index -1, root 'root:/') mounted
[2022.05.06-12.21.03:956][  0]LogShaderLibrary: Display: ShaderCodeLibraryPakFileMountedCallback: pending pak file info (ChunkID:-1 Root:root:/ File:C:/Program Files/Epic Games/UE_4.27/FeaturePacks/FP_FirstPersonBP.upack)
[2022.05.06-12.21.03:956][  0]LogPakFile: OnPakFileMounted2Time == 0.000066
[2022.05.06-12.21.03:959][  0]LogPakFile: PakFile PrimaryIndexSize=191
[2022.05.06-12.21.03:959][  0]LogPakFile: PakFile PathHashIndexSize=101
[2022.05.06-12.21.03:959][  0]LogPakFile: PakFile FullDirectoryIndexSize=160
[2022.05.06-12.21.03:959][  0]LogShaderLibrary: Display: ShaderCodeLibraryPakFileMountedCallback: PakFile 'C:/Program Files/Epic Games/UE_4.27/FeaturePacks/MobileStarterContent.upack' (chunk index -1, root 'root:/') mounted
[2022.05.06-12.21.03:959][  0]LogShaderLibrary: Display: ShaderCodeLibraryPakFileMountedCallback: pending pak file info (ChunkID:-1 Root:root:/ File:C:/Program Files/Epic Games/UE_4.27/FeaturePacks/MobileStarterContent.upack)
[2022.05.06-12.21.03:959][  0]LogPakFile: OnPakFileMounted2Time == 0.000056
[2022.05.06-12.21.03:962][  0]LogPakFile: PakFile PrimaryIndexSize=185
[2022.05.06-12.21.03:962][  0]LogPakFile: PakFile PathHashIndexSize=101
[2022.05.06-12.21.03:962][  0]LogPakFile: PakFile FullDirectoryIndexSize=148
[2022.05.06-12.21.03:963][  0]LogShaderLibrary: Display: ShaderCodeLibraryPakFileMountedCallback: PakFile 'C:/Program Files/Epic Games/UE_4.27/FeaturePacks/StarterContent.upack' (chunk index -1, root 'root:/') mounted
[2022.05.06-12.21.03:963][  0]LogShaderLibrary: Display: ShaderCodeLibraryPakFileMountedCallback: pending pak file info (ChunkID:-1 Root:root:/ File:C:/Program Files/Epic Games/UE_4.27/FeaturePacks/StarterContent.upack)
[2022.05.06-12.21.03:963][  0]LogPakFile: OnPakFileMounted2Time == 0.000062
[2022.05.06-12.21.03:965][  0]LogPakFile: PakFile PrimaryIndexSize=190
[2022.05.06-12.21.03:965][  0]LogPakFile: PakFile PathHashIndexSize=101
[2022.05.06-12.21.03:965][  0]LogPakFile: PakFile FullDirectoryIndexSize=154
[2022.05.06-12.21.03:965][  0]LogShaderLibrary: Display: ShaderCodeLibraryPakFileMountedCallback: PakFile 'C:/Program Files/Epic Games/UE_4.27/FeaturePacks/TP_2DSideScroller.upack' (chunk index -1, root 'root:/') mounted
[2022.05.06-12.21.03:965][  0]LogShaderLibrary: Display: ShaderCodeLibraryPakFileMountedCallback: pending pak file info (ChunkID:-1 Root:root:/ File:C:/Program Files/Epic Games/UE_4.27/FeaturePacks/TP_2DSideScroller.upack)
[2022.05.06-12.21.03:965][  0]LogPakFile: OnPakFileMounted2Time == 0.000059
[2022.05.06-12.21.03:967][  0]LogPakFile: PakFile PrimaryIndexSize=192
[2022.05.06-12.21.03:967][  0]LogPakFile: PakFile PathHashIndexSize=101
[2022.05.06-12.21.03:967][  0]LogPakFile: PakFile FullDirectoryIndexSize=158
[2022.05.06-12.21.03:968][  0]LogShaderLibrary: Display: ShaderCodeLibraryPakFileMountedCallback: PakFile 'C:/Program Files/Epic Games/UE_4.27/FeaturePacks/TP_2DSideScrollerBP.upack' (chunk index -1, root 'root:/') mounted
[2022.05.06-12.21.03:968][  0]LogShaderLibrary: Display: ShaderCodeLibraryPakFileMountedCallback: pending pak file info (ChunkID:-1 Root:root:/ File:C:/Program Files/Epic Games/UE_4.27/FeaturePacks/TP_2DSideScrollerBP.upack)
[2022.05.06-12.21.03:968][  0]LogPakFile: OnPakFileMounted2Time == 0.000116
[2022.05.06-12.21.03:970][  0]LogPakFile: PakFile PrimaryIndexSize=182
[2022.05.06-12.21.03:970][  0]LogPakFile: PakFile PathHashIndexSize=101
[2022.05.06-12.21.03:970][  0]LogPakFile: PakFile FullDirectoryIndexSize=138
[2022.05.06-12.21.03:970][  0]LogShaderLibrary: Display: ShaderCodeLibraryPakFileMountedCallback: PakFile 'C:/Program Files/Epic Games/UE_4.27/FeaturePacks/TP_Flying.upack' (chunk index -1, root 'root:/') mounted
[2022.05.06-12.21.03:970][  0]LogShaderLibrary: Display: ShaderCodeLibraryPakFileMountedCallback: pending pak file info (ChunkID:-1 Root:root:/ File:C:/Program Files/Epic Games/UE_4.27/FeaturePacks/TP_Flying.upack)
[2022.05.06-12.21.03:970][  0]LogPakFile: OnPakFileMounted2Time == 0.000055
[2022.05.06-12.21.03:974][  0]LogPakFile: PakFile PrimaryIndexSize=184
[2022.05.06-12.21.03:974][  0]LogPakFile: PakFile PathHashIndexSize=101
[2022.05.06-12.21.03:974][  0]LogPakFile: PakFile FullDirectoryIndexSize=142
[2022.05.06-12.21.03:974][  0]LogShaderLibrary: Display: ShaderCodeLibraryPakFileMountedCallback: PakFile 'C:/Program Files/Epic Games/UE_4.27/FeaturePacks/TP_FlyingBP.upack' (chunk index -1, root 'root:/') mounted
[2022.05.06-12.21.03:974][  0]LogShaderLibrary: Display: ShaderCodeLibraryPakFileMountedCallback: pending pak file info (ChunkID:-1 Root:root:/ File:C:/Program Files/Epic Games/UE_4.27/FeaturePacks/TP_FlyingBP.upack)
[2022.05.06-12.21.03:974][  0]LogPakFile: OnPakFileMounted2Time == 0.000057
[2022.05.06-12.21.03:976][  0]LogPakFile: PakFile PrimaryIndexSize=188
[2022.05.06-12.21.03:976][  0]LogPakFile: PakFile PathHashIndexSize=101
[2022.05.06-12.21.03:976][  0]LogPakFile: PakFile FullDirectoryIndexSize=150
[2022.05.06-12.21.03:976][  0]LogShaderLibrary: Display: ShaderCodeLibraryPakFileMountedCallback: PakFile 'C:/Program Files/Epic Games/UE_4.27/FeaturePacks/TP_HandheldARBP.upack' (chunk index -1, root 'root:/') mounted
[2022.05.06-12.21.03:976][  0]LogShaderLibrary: Display: ShaderCodeLibraryPakFileMountedCallback: pending pak file info (ChunkID:-1 Root:root:/ File:C:/Program Files/Epic Games/UE_4.27/FeaturePacks/TP_HandheldARBP.upack)
[2022.05.06-12.21.03:976][  0]LogPakFile: OnPakFileMounted2Time == 0.000060
[2022.05.06-12.21.03:981][  0]LogPakFile: PakFile PrimaryIndexSize=182
[2022.05.06-12.21.03:981][  0]LogPakFile: PakFile PathHashIndexSize=101
[2022.05.06-12.21.03:981][  0]LogPakFile: PakFile FullDirectoryIndexSize=138
[2022.05.06-12.21.03:981][  0]LogShaderLibrary: Display: ShaderCodeLibraryPakFileMountedCallback: PakFile 'C:/Program Files/Epic Games/UE_4.27/FeaturePacks/TP_Puzzle.upack' (chunk index -1, root 'root:/') mounted
[2022.05.06-12.21.03:982][  0]LogShaderLibrary: Display: ShaderCodeLibraryPakFileMountedCallback: pending pak file info (ChunkID:-1 Root:root:/ File:C:/Program Files/Epic Games/UE_4.27/FeaturePacks/TP_Puzzle.upack)
[2022.05.06-12.21.03:982][  0]LogPakFile: OnPakFileMounted2Time == 0.000064
[2022.05.06-12.21.03:985][  0]LogPakFile: PakFile PrimaryIndexSize=184
[2022.05.06-12.21.03:985][  0]LogPakFile: PakFile PathHashIndexSize=101
[2022.05.06-12.21.03:985][  0]LogPakFile: PakFile FullDirectoryIndexSize=142
[2022.05.06-12.21.03:985][  0]LogShaderLibrary: Display: ShaderCodeLibraryPakFileMountedCallback: PakFile 'C:/Program Files/Epic Games/UE_4.27/FeaturePacks/TP_PuzzleBP.upack' (chunk index -1, root 'root:/') mounted
[2022.05.06-12.21.03:985][  0]LogShaderLibrary: Display: ShaderCodeLibraryPakFileMountedCallback: pending pak file info (ChunkID:-1 Root:root:/ File:C:/Program Files/Epic Games/UE_4.27/FeaturePacks/TP_PuzzleBP.upack)
[2022.05.06-12.21.03:985][  0]LogPakFile: OnPakFileMounted2Time == 0.000059
[2022.05.06-12.21.03:987][  0]LogPakFile: PakFile PrimaryIndexSize=183
[2022.05.06-12.21.03:987][  0]LogPakFile: PakFile PathHashIndexSize=101
[2022.05.06-12.21.03:987][  0]LogPakFile: PakFile FullDirectoryIndexSize=140
[2022.05.06-12.21.03:987][  0]LogShaderLibrary: Display: ShaderCodeLibraryPakFileMountedCallback: PakFile 'C:/Program Files/Epic Games/UE_4.27/FeaturePacks/TP_Rolling.upack' (chunk index -1, root 'root:/') mounted
[2022.05.06-12.21.03:987][  0]LogShaderLibrary: Display: ShaderCodeLibraryPakFileMountedCallback: pending pak file info (ChunkID:-1 Root:root:/ File:C:/Program Files/Epic Games/UE_4.27/FeaturePacks/TP_Rolling.upack)
[2022.05.06-12.21.03:987][  0]LogPakFile: OnPakFileMounted2Time == 0.000062
[2022.05.06-12.21.03:990][  0]LogPakFile: PakFile PrimaryIndexSize=185
[2022.05.06-12.21.03:990][  0]LogPakFile: PakFile PathHashIndexSize=101
[2022.05.06-12.21.03:990][  0]LogPakFile: PakFile FullDirectoryIndexSize=144
[2022.05.06-12.21.03:990][  0]LogShaderLibrary: Display: ShaderCodeLibraryPakFileMountedCallback: PakFile 'C:/Program Files/Epic Games/UE_4.27/FeaturePacks/TP_RollingBP.upack' (chunk index -1, root 'root:/') mounted
[2022.05.06-12.21.03:990][  0]LogShaderLibrary: Display: ShaderCodeLibraryPakFileMountedCallback: pending pak file info (ChunkID:-1 Root:root:/ File:C:/Program Files/Epic Games/UE_4.27/FeaturePacks/TP_RollingBP.upack)
[2022.05.06-12.21.03:990][  0]LogPakFile: OnPakFileMounted2Time == 0.000056
[2022.05.06-12.21.03:993][  0]LogPakFile: PakFile PrimaryIndexSize=188
[2022.05.06-12.21.03:993][  0]LogPakFile: PakFile PathHashIndexSize=101
[2022.05.06-12.21.03:993][  0]LogPakFile: PakFile FullDirectoryIndexSize=150
[2022.05.06-12.21.03:993][  0]LogShaderLibrary: Display: ShaderCodeLibraryPakFileMountedCallback: PakFile 'C:/Program Files/Epic Games/UE_4.27/FeaturePacks/TP_SideScroller.upack' (chunk index -1, root 'root:/') mounted
[2022.05.06-12.21.03:993][  0]LogShaderLibrary: Display: ShaderCodeLibraryPakFileMountedCallback: pending pak file info (ChunkID:-1 Root:root:/ File:C:/Program Files/Epic Games/UE_4.27/FeaturePacks/TP_SideScroller.upack)
[2022.05.06-12.21.03:993][  0]LogPakFile: OnPakFileMounted2Time == 0.000068
[2022.05.06-12.21.03:996][  0]LogPakFile: PakFile PrimaryIndexSize=190
[2022.05.06-12.21.03:996][  0]LogPakFile: PakFile PathHashIndexSize=101
[2022.05.06-12.21.03:996][  0]LogPakFile: PakFile FullDirectoryIndexSize=154
[2022.05.06-12.21.03:996][  0]LogShaderLibrary: Display: ShaderCodeLibraryPakFileMountedCallback: PakFile 'C:/Program Files/Epic Games/UE_4.27/FeaturePacks/TP_SideScrollerBP.upack' (chunk index -1, root 'root:/') mounted
[2022.05.06-12.21.03:996][  0]LogShaderLibrary: Display: ShaderCodeLibraryPakFileMountedCallback: pending pak file info (ChunkID:-1 Root:root:/ File:C:/Program Files/Epic Games/UE_4.27/FeaturePacks/TP_SideScrollerBP.upack)
[2022.05.06-12.21.03:996][  0]LogPakFile: OnPakFileMounted2Time == 0.000055
[2022.05.06-12.21.03:998][  0]LogPakFile: PakFile PrimaryIndexSize=187
[2022.05.06-12.21.03:998][  0]LogPakFile: PakFile PathHashIndexSize=101
[2022.05.06-12.21.03:998][  0]LogPakFile: PakFile FullDirectoryIndexSize=148
[2022.05.06-12.21.03:998][  0]LogShaderLibrary: Display: ShaderCodeLibraryPakFileMountedCallback: PakFile 'C:/Program Files/Epic Games/UE_4.27/FeaturePacks/TP_ThirdPerson.upack' (chunk index -1, root 'root:/') mounted
[2022.05.06-12.21.03:998][  0]LogShaderLibrary: Display: ShaderCodeLibraryPakFileMountedCallback: pending pak file info (ChunkID:-1 Root:root:/ File:C:/Program Files/Epic Games/UE_4.27/FeaturePacks/TP_ThirdPerson.upack)
[2022.05.06-12.21.03:998][  0]LogPakFile: OnPakFileMounted2Time == 0.000060
[2022.05.06-12.21.04:000][  0]LogPakFile: PakFile PrimaryIndexSize=189
[2022.05.06-12.21.04:001][  0]LogPakFile: PakFile PathHashIndexSize=101
[2022.05.06-12.21.04:001][  0]LogPakFile: PakFile FullDirectoryIndexSize=152
[2022.05.06-12.21.04:001][  0]LogShaderLibrary: Display: ShaderCodeLibraryPakFileMountedCallback: PakFile 'C:/Program Files/Epic Games/UE_4.27/FeaturePacks/TP_ThirdPersonBP.upack' (chunk index -1, root 'root:/') mounted
[2022.05.06-12.21.04:001][  0]LogShaderLibrary: Display: ShaderCodeLibraryPakFileMountedCallback: pending pak file info (ChunkID:-1 Root:root:/ File:C:/Program Files/Epic Games/UE_4.27/FeaturePacks/TP_ThirdPersonBP.upack)
[2022.05.06-12.21.04:001][  0]LogPakFile: OnPakFileMounted2Time == 0.000062
[2022.05.06-12.21.04:003][  0]LogPakFile: PakFile PrimaryIndexSize=183
[2022.05.06-12.21.04:003][  0]LogPakFile: PakFile PathHashIndexSize=101
[2022.05.06-12.21.04:003][  0]LogPakFile: PakFile FullDirectoryIndexSize=140
[2022.05.06-12.21.04:004][  0]LogShaderLibrary: Display: ShaderCodeLibraryPakFileMountedCallback: PakFile 'C:/Program Files/Epic Games/UE_4.27/FeaturePacks/TP_TopDown.upack' (chunk index -1, root 'root:/') mounted
[2022.05.06-12.21.04:004][  0]LogShaderLibrary: Display: ShaderCodeLibraryPakFileMountedCallback: pending pak file info (ChunkID:-1 Root:root:/ File:C:/Program Files/Epic Games/UE_4.27/FeaturePacks/TP_TopDown.upack)
[2022.05.06-12.21.04:004][  0]LogPakFile: OnPakFileMounted2Time == 0.000064
[2022.05.06-12.21.04:007][  0]LogPakFile: PakFile PrimaryIndexSize=185
[2022.05.06-12.21.04:007][  0]LogPakFile: PakFile PathHashIndexSize=101
[2022.05.06-12.21.04:007][  0]LogPakFile: PakFile FullDirectoryIndexSize=144
[2022.05.06-12.21.04:007][  0]LogShaderLibrary: Display: ShaderCodeLibraryPakFileMountedCallback: PakFile 'C:/Program Files/Epic Games/UE_4.27/FeaturePacks/TP_TopDownBP.upack' (chunk index -1, root 'root:/') mounted
[2022.05.06-12.21.04:007][  0]LogShaderLibrary: Display: ShaderCodeLibraryPakFileMountedCallback: pending pak file info (ChunkID:-1 Root:root:/ File:C:/Program Files/Epic Games/UE_4.27/FeaturePacks/TP_TopDownBP.upack)
[2022.05.06-12.21.04:007][  0]LogPakFile: OnPakFileMounted2Time == 0.000055
[2022.05.06-12.21.04:009][  0]LogPakFile: PakFile PrimaryIndexSize=185
[2022.05.06-12.21.04:009][  0]LogPakFile: PakFile PathHashIndexSize=101
[2022.05.06-12.21.04:009][  0]LogPakFile: PakFile FullDirectoryIndexSize=144
[2022.05.06-12.21.04:009][  0]LogShaderLibrary: Display: ShaderCodeLibraryPakFileMountedCallback: PakFile 'C:/Program Files/Epic Games/UE_4.27/FeaturePacks/TP_TwinStick.upack' (chunk index -1, root 'root:/') mounted
[2022.05.06-12.21.04:009][  0]LogShaderLibrary: Display: ShaderCodeLibraryPakFileMountedCallback: pending pak file info (ChunkID:-1 Root:root:/ File:C:/Program Files/Epic Games/UE_4.27/FeaturePacks/TP_TwinStick.upack)
[2022.05.06-12.21.04:009][  0]LogPakFile: OnPakFileMounted2Time == 0.000061
[2022.05.06-12.21.04:012][  0]LogPakFile: PakFile PrimaryIndexSize=187
[2022.05.06-12.21.04:012][  0]LogPakFile: PakFile PathHashIndexSize=101
[2022.05.06-12.21.04:012][  0]LogPakFile: PakFile FullDirectoryIndexSize=148
[2022.05.06-12.21.04:012][  0]LogShaderLibrary: Display: ShaderCodeLibraryPakFileMountedCallback: PakFile 'C:/Program Files/Epic Games/UE_4.27/FeaturePacks/TP_TwinStickBP.upack' (chunk index -1, root 'root:/') mounted
[2022.05.06-12.21.04:012][  0]LogShaderLibrary: Display: ShaderCodeLibraryPakFileMountedCallback: pending pak file info (ChunkID:-1 Root:root:/ File:C:/Program Files/Epic Games/UE_4.27/FeaturePacks/TP_TwinStickBP.upack)
[2022.05.06-12.21.04:012][  0]LogPakFile: OnPakFileMounted2Time == 0.000055
[2022.05.06-12.21.04:015][  0]LogPakFile: PakFile PrimaryIndexSize=183
[2022.05.06-12.21.04:015][  0]LogPakFile: PakFile PathHashIndexSize=101
[2022.05.06-12.21.04:015][  0]LogPakFile: PakFile FullDirectoryIndexSize=140
[2022.05.06-12.21.04:015][  0]LogShaderLibrary: Display: ShaderCodeLibraryPakFileMountedCallback: PakFile 'C:/Program Files/Epic Games/UE_4.27/FeaturePacks/TP_Vehicle.upack' (chunk index -1, root 'root:/') mounted
[2022.05.06-12.21.04:015][  0]LogShaderLibrary: Display: ShaderCodeLibraryPakFileMountedCallback: pending pak file info (ChunkID:-1 Root:root:/ File:C:/Program Files/Epic Games/UE_4.27/FeaturePacks/TP_Vehicle.upack)
[2022.05.06-12.21.04:015][  0]LogPakFile: OnPakFileMounted2Time == 0.000058
[2022.05.06-12.21.04:018][  0]LogPakFile: PakFile PrimaryIndexSize=186
[2022.05.06-12.21.04:018][  0]LogPakFile: PakFile PathHashIndexSize=101
[2022.05.06-12.21.04:018][  0]LogPakFile: PakFile FullDirectoryIndexSize=146
[2022.05.06-12.21.04:018][  0]LogShaderLibrary: Display: ShaderCodeLibraryPakFileMountedCallback: PakFile 'C:/Program Files/Epic Games/UE_4.27/FeaturePacks/TP_VehicleAdv.upack' (chunk index -1, root 'root:/') mounted
[2022.05.06-12.21.04:018][  0]LogShaderLibrary: Display: ShaderCodeLibraryPakFileMountedCallback: pending pak file info (ChunkID:-1 Root:root:/ File:C:/Program Files/Epic Games/UE_4.27/FeaturePacks/TP_VehicleAdv.upack)
[2022.05.06-12.21.04:018][  0]LogPakFile: OnPakFileMounted2Time == 0.000057
[2022.05.06-12.21.04:021][  0]LogPakFile: PakFile PrimaryIndexSize=188
[2022.05.06-12.21.04:021][  0]LogPakFile: PakFile PathHashIndexSize=101
[2022.05.06-12.21.04:021][  0]LogPakFile: PakFile FullDirectoryIndexSize=150
[2022.05.06-12.21.04:021][  0]LogShaderLibrary: Display: ShaderCodeLibraryPakFileMountedCallback: PakFile 'C:/Program Files/Epic Games/UE_4.27/FeaturePacks/TP_VehicleAdvBP.upack' (chunk index -1, root 'root:/') mounted
[2022.05.06-12.21.04:021][  0]LogShaderLibrary: Display: ShaderCodeLibraryPakFileMountedCallback: pending pak file info (ChunkID:-1 Root:root:/ File:C:/Program Files/Epic Games/UE_4.27/FeaturePacks/TP_VehicleAdvBP.upack)
[2022.05.06-12.21.04:021][  0]LogPakFile: OnPakFileMounted2Time == 0.000055
[2022.05.06-12.21.04:024][  0]LogPakFile: PakFile PrimaryIndexSize=185
[2022.05.06-12.21.04:024][  0]LogPakFile: PakFile PathHashIndexSize=101
[2022.05.06-12.21.04:024][  0]LogPakFile: PakFile FullDirectoryIndexSize=144
[2022.05.06-12.21.04:024][  0]LogShaderLibrary: Display: ShaderCodeLibraryPakFileMountedCallback: PakFile 'C:/Program Files/Epic Games/UE_4.27/FeaturePacks/TP_VehicleBP.upack' (chunk index -1, root 'root:/') mounted
[2022.05.06-12.21.04:024][  0]LogShaderLibrary: Display: ShaderCodeLibraryPakFileMountedCallback: pending pak file info (ChunkID:-1 Root:root:/ File:C:/Program Files/Epic Games/UE_4.27/FeaturePacks/TP_VehicleBP.upack)
[2022.05.06-12.21.04:024][  0]LogPakFile: OnPakFileMounted2Time == 0.000055
[2022.05.06-12.21.04:026][  0]LogPakFile: PakFile PrimaryIndexSize=192
[2022.05.06-12.21.04:026][  0]LogPakFile: PakFile PathHashIndexSize=101
[2022.05.06-12.21.04:026][  0]LogPakFile: PakFile FullDirectoryIndexSize=158
[2022.05.06-12.21.04:026][  0]LogShaderLibrary: Display: ShaderCodeLibraryPakFileMountedCallback: PakFile 'C:/Program Files/Epic Games/UE_4.27/FeaturePacks/TP_VirtualRealityBP.upack' (chunk index -1, root 'root:/') mounted
[2022.05.06-12.21.04:027][  0]LogShaderLibrary: Display: ShaderCodeLibraryPakFileMountedCallback: pending pak file info (ChunkID:-1 Root:root:/ File:C:/Program Files/Epic Games/UE_4.27/FeaturePacks/TP_VirtualRealityBP.upack)
[2022.05.06-12.21.04:027][  0]LogPakFile: OnPakFileMounted2Time == 0.000079
[2022.05.06-12.21.04:278][  0]LogNativeClassHierarchy: Verbose: Native class hierarchy updated for 'AddContentDialog' in 0.0003 seconds. Added 0 classes and 0 folders.
[2022.05.06-12.21.04:307][  0]LogNativeClassHierarchy: Verbose: Native class hierarchy updated for 'SceneOutliner' in 0.0003 seconds. Added 2 classes and 0 folders.
[2022.05.06-12.21.04:663][  0]LogSlate: Took 0.001093 seconds to synchronously load lazily loaded font '../../../Engine/Content/Slate/Fonts/Roboto-Regular.ttf' (155K)
[2022.05.06-12.21.04:672][  0]LogSlate: Took 0.001281 seconds to synchronously load lazily loaded font '../../../Engine/Content/Editor/Slate/Fonts/FontAwesome.ttf' (139K)
[2022.05.06-12.21.04:686][  0]LogSlate: Took 0.001518 seconds to synchronously load lazily loaded font '../../../Engine/Content/Slate/Fonts/Roboto-Bold.ttf' (160K)
[2022.05.06-12.21.04:885][  0]LogRenderer: Reallocating scene render targets to support 1528x568 Format 10 NumSamples 1 (Frame:1).
[2022.05.06-12.21.05:193][  0]LogSlate: Took 0.001018 seconds to synchronously load lazily loaded font '../../../Engine/Content/Slate/Fonts/Roboto-Light.ttf' (167K)
[2022.05.06-12.21.05:296][  0]LogNativeClassHierarchy: Verbose: Native class hierarchy updated for 'HierarchicalLODOutliner' in 0.0003 seconds. Added 0 classes and 0 folders.
[2022.05.06-12.21.05:297][  0]LogLoad: (Engine Initialization) Total time: 18.51 seconds
[2022.05.06-12.21.05:297][  0]LogLoad: (Engine Initialization) Total Blueprint compile time: 0.00 seconds
[2022.05.06-12.21.05:325][  0]LogRawInputWindows: Warning: Found device 12 devices
[2022.05.06-12.21.05:325][  0]LogRawInputWindows: Warning: Found device 12 devices
[2022.05.06-12.21.05:326][  0]LogRawInputWindows: Warning: Device was registered succesfully but not connected (Usage:4 UsagePage:1)
[2022.05.06-12.21.05:326][  0]LogRawInputWindows: Warning: Found device 12 devices
[2022.05.06-12.21.05:326][  0]LogRawInputWindows: Warning: Device was registered succesfully but not connected (Usage:5 UsagePage:1)
[2022.05.06-12.21.05:786][  0]LogContentStreaming: Texture pool size now 1000 MB
[2022.05.06-12.21.05:850][  1]LogFileCache: Retrieving MD5 hashes for directory 'C:/Users/Fredrik/source/repos/Space Shooter/UnrealEksamen/UnrealEksamen/Content/' took 0.50s
[2022.05.06-12.21.05:947][  2]LogAssetRegistry: Asset discovery search completed in 14.9582 seconds
[2022.05.06-12.21.05:966][  2]LogCollectionManager: Fixed up redirectors for 0 collections in 0.000349 seconds (updated 0 objects)
